Use Model Specified Training Policies
failed to load checkpoint
Replacing  module.base_model.fc.fc.weight
Replacing  module.base_model.fc.fc.bias
Freezing BatchNorm2D except the first one.
Epoch:[  0][   0/1344],  lr:0.00100,  BatchTime: 55.61( 55.61),  DataTime: 20.46( 20.46),  Loss:  5.280(  5.280),  Prec@1:  1.562(  1.562),  Prec@5:  1.562(  1.562)
Epoch:[  0][  20/1344],  lr:0.00100,  BatchTime:  0.36(  3.03),  DataTime:  0.08(  1.06),  Loss:  5.140(  5.188),  Prec@1:  1.562(  0.818),  Prec@5:  1.562(  2.455)
Epoch:[  0][  40/1344],  lr:0.00100,  BatchTime:  0.37(  1.75),  DataTime:  0.09(  0.59),  Loss:  5.157(  5.166),  Prec@1:  0.000(  0.877),  Prec@5:  0.000(  3.277)
Epoch:[  0][  60/1344],  lr:0.00100,  BatchTime:  0.42(  1.32),  DataTime:  0.09(  0.43),  Loss:  5.122(  5.153),  Prec@1:  0.000(  0.871),  Prec@5:  0.000(  3.612)
Epoch:[  0][  80/1344],  lr:0.00100,  BatchTime:  0.39(  1.09),  DataTime:  0.08(  0.35),  Loss:  5.066(  5.145),  Prec@1:  1.562(  0.945),  Prec@5:  4.688(  3.916)
Epoch:[  0][ 100/1344],  lr:0.00100,  BatchTime:  0.39(  0.96),  DataTime:  0.09(  0.30),  Loss:  5.036(  5.140),  Prec@1:  1.562(  0.913),  Prec@5:  4.688(  3.914)
Epoch:[  0][ 120/1344],  lr:0.00100,  BatchTime:  0.41(  0.87),  DataTime:  0.10(  0.26),  Loss:  5.152(  5.136),  Prec@1:  0.000(  0.852),  Prec@5:  3.125(  3.900)
Epoch:[  0][ 140/1344],  lr:0.00100,  BatchTime:  0.40(  0.80),  DataTime:  0.09(  0.24),  Loss:  5.083(  5.129),  Prec@1:  0.000(  0.831),  Prec@5:  1.562(  3.934)
Epoch:[  0][ 160/1344],  lr:0.00100,  BatchTime:  0.39(  0.76),  DataTime:  0.09(  0.22),  Loss:  5.093(  5.125),  Prec@1:  0.000(  0.825),  Prec@5:  4.688(  3.969)
Epoch:[  0][ 180/1344],  lr:0.00100,  BatchTime:  0.40(  0.72),  DataTime:  0.10(  0.21),  Loss:  5.079(  5.121),  Prec@1:  0.000(  0.855),  Prec@5:  3.125(  4.066)
Epoch:[  0][ 200/1344],  lr:0.00100,  BatchTime:  0.30(  0.69),  DataTime:  0.01(  0.20),  Loss:  5.038(  5.118),  Prec@1:  3.125(  0.855),  Prec@5:  6.250(  4.174)
Epoch:[  0][ 220/1344],  lr:0.00100,  BatchTime:  0.44(  0.67),  DataTime:  0.11(  0.19),  Loss:  5.040(  5.117),  Prec@1:  1.562(  0.855),  Prec@5:  9.375(  4.186)
Epoch:[  0][ 240/1344],  lr:0.00100,  BatchTime:  0.40(  0.65),  DataTime:  0.10(  0.18),  Loss:  5.176(  5.113),  Prec@1:  0.000(  0.862),  Prec@5:  1.562(  4.350)
Epoch:[  0][ 260/1344],  lr:0.00100,  BatchTime:  0.40(  0.63),  DataTime:  0.08(  0.17),  Loss:  4.968(  5.111),  Prec@1:  6.250(  0.868),  Prec@5: 10.938(  4.442)
Epoch:[  0][ 280/1344],  lr:0.00100,  BatchTime:  0.37(  0.61),  DataTime:  0.09(  0.17),  Loss:  5.129(  5.109),  Prec@1:  1.562(  0.890),  Prec@5:  1.562(  4.465)
Epoch:[  0][ 300/1344],  lr:0.00100,  BatchTime:  0.40(  0.60),  DataTime:  0.10(  0.16),  Loss:  5.063(  5.108),  Prec@1:  0.000(  0.914),  Prec@5:  0.000(  4.578)
Epoch:[  0][ 320/1344],  lr:0.00100,  BatchTime:  0.50(  0.59),  DataTime:  0.11(  0.16),  Loss:  5.060(  5.106),  Prec@1:  1.562(  0.954),  Prec@5:  4.688(  4.639)
Epoch:[  0][ 340/1344],  lr:0.00100,  BatchTime:  0.38(  0.58),  DataTime:  0.09(  0.15),  Loss:  5.096(  5.103),  Prec@1:  0.000(  0.971),  Prec@5:  6.250(  4.706)
Epoch:[  0][ 360/1344],  lr:0.00100,  BatchTime:  0.41(  0.57),  DataTime:  0.10(  0.15),  Loss:  5.022(  5.100),  Prec@1:  1.562(  1.026),  Prec@5:  6.250(  4.830)
Epoch:[  0][ 380/1344],  lr:0.00100,  BatchTime:  0.39(  0.56),  DataTime:  0.09(  0.15),  Loss:  4.967(  5.097),  Prec@1:  3.125(  1.066),  Prec@5:  6.250(  4.921)
Epoch:[  0][ 400/1344],  lr:0.00100,  BatchTime:  0.84(  0.56),  DataTime:  0.11(  0.15),  Loss:  5.035(  5.094),  Prec@1:  1.562(  1.075),  Prec@5: 10.938(  4.999)
Epoch:[  0][ 420/1344],  lr:0.00100,  BatchTime:  0.38(  0.55),  DataTime:  0.09(  0.14),  Loss:  5.053(  5.091),  Prec@1:  0.000(  1.125),  Prec@5:  6.250(  5.073)
Epoch:[  0][ 440/1344],  lr:0.00100,  BatchTime:  0.38(  0.54),  DataTime:  0.10(  0.14),  Loss:  4.894(  5.087),  Prec@1:  0.000(  1.162),  Prec@5:  9.375(  5.194)
Epoch:[  0][ 460/1344],  lr:0.00100,  BatchTime:  0.38(  0.54),  DataTime:  0.10(  0.14),  Loss:  4.911(  5.083),  Prec@1:  4.688(  1.203),  Prec@5: 14.062(  5.335)
Epoch:[  0][ 480/1344],  lr:0.00100,  BatchTime:  0.35(  0.53),  DataTime:  0.08(  0.14),  Loss:  4.977(  5.078),  Prec@1:  1.562(  1.277),  Prec@5:  9.375(  5.548)
Epoch:[  0][ 500/1344],  lr:0.00100,  BatchTime:  0.40(  0.53),  DataTime:  0.10(  0.14),  Loss:  4.848(  5.072),  Prec@1:  3.125(  1.304),  Prec@5: 12.500(  5.710)
Epoch:[  0][ 520/1344],  lr:0.00100,  BatchTime:  0.39(  0.52),  DataTime:  0.06(  0.14),  Loss:  4.746(  5.066),  Prec@1:  6.250(  1.338),  Prec@5: 12.500(  5.836)
Epoch:[  0][ 540/1344],  lr:0.00100,  BatchTime:  0.40(  0.52),  DataTime:  0.09(  0.13),  Loss:  4.928(  5.061),  Prec@1:  0.000(  1.389),  Prec@5:  9.375(  5.961)
Epoch:[  0][ 560/1344],  lr:0.00100,  BatchTime:  0.40(  0.52),  DataTime:  0.09(  0.13),  Loss:  4.949(  5.054),  Prec@1:  3.125(  1.426),  Prec@5:  4.688(  6.141)
Epoch:[  0][ 580/1344],  lr:0.00100,  BatchTime:  0.41(  0.51),  DataTime:  0.09(  0.13),  Loss:  4.768(  5.047),  Prec@1:  3.125(  1.476),  Prec@5: 10.938(  6.387)
Epoch:[  0][ 600/1344],  lr:0.00100,  BatchTime:  0.43(  0.51),  DataTime:  0.11(  0.13),  Loss:  4.835(  5.041),  Prec@1:  4.688(  1.542),  Prec@5:  7.812(  6.580)
Epoch:[  0][ 620/1344],  lr:0.00100,  BatchTime:  0.38(  0.51),  DataTime:  0.10(  0.13),  Loss:  4.860(  5.034),  Prec@1:  3.125(  1.620),  Prec@5: 14.062(  6.793)
Epoch:[  0][ 640/1344],  lr:0.00100,  BatchTime:  0.44(  0.50),  DataTime:  0.11(  0.13),  Loss:  4.720(  5.026),  Prec@1:  4.688(  1.697),  Prec@5: 10.938(  7.018)
Epoch:[  0][ 660/1344],  lr:0.00100,  BatchTime:  0.43(  0.50),  DataTime:  0.10(  0.13),  Loss:  4.829(  5.018),  Prec@1:  1.562(  1.754),  Prec@5: 10.938(  7.219)
Epoch:[  0][ 680/1344],  lr:0.00100,  BatchTime:  0.45(  0.50),  DataTime:  0.11(  0.13),  Loss:  4.721(  5.010),  Prec@1:  3.125(  1.824),  Prec@5: 14.062(  7.510)
Epoch:[  0][ 700/1344],  lr:0.00100,  BatchTime:  0.43(  0.50),  DataTime:  0.11(  0.13),  Loss:  4.689(  5.002),  Prec@1:  7.812(  1.912),  Prec@5: 20.312(  7.714)
Epoch:[  0][ 720/1344],  lr:0.00100,  BatchTime:  0.37(  0.49),  DataTime:  0.09(  0.12),  Loss:  4.698(  4.995),  Prec@1:  7.812(  2.011),  Prec@5: 12.500(  7.908)
Epoch:[  0][ 740/1344],  lr:0.00100,  BatchTime:  0.37(  0.49),  DataTime:  0.09(  0.12),  Loss:  4.826(  4.987),  Prec@1:  1.562(  2.066),  Prec@5: 10.938(  8.141)
Epoch:[  0][ 760/1344],  lr:0.00100,  BatchTime:  0.36(  0.49),  DataTime:  0.08(  0.12),  Loss:  4.685(  4.981),  Prec@1:  4.688(  2.105),  Prec@5: 12.500(  8.316)
Epoch:[  0][ 780/1344],  lr:0.00100,  BatchTime:  0.43(  0.49),  DataTime:  0.09(  0.12),  Loss:  4.386(  4.973),  Prec@1:  7.812(  2.159),  Prec@5: 21.875(  8.521)
Epoch:[  0][ 800/1344],  lr:0.00100,  BatchTime:  0.37(  0.49),  DataTime:  0.09(  0.12),  Loss:  4.476(  4.965),  Prec@1:  3.125(  2.228),  Prec@5: 26.562(  8.776)
Epoch:[  0][ 820/1344],  lr:0.00100,  BatchTime:  0.40(  0.48),  DataTime:  0.09(  0.12),  Loss:  4.614(  4.957),  Prec@1:  3.125(  2.295),  Prec@5: 17.188(  8.992)
Epoch:[  0][ 840/1344],  lr:0.00100,  BatchTime:  0.40(  0.48),  DataTime:  0.09(  0.12),  Loss:  4.340(  4.948),  Prec@1:  4.688(  2.376),  Prec@5: 28.125(  9.228)
Epoch:[  0][ 860/1344],  lr:0.00100,  BatchTime:  0.40(  0.48),  DataTime:  0.09(  0.12),  Loss:  4.643(  4.941),  Prec@1:  3.125(  2.435),  Prec@5: 18.750(  9.415)
Epoch:[  0][ 880/1344],  lr:0.00100,  BatchTime:  0.38(  0.48),  DataTime:  0.10(  0.12),  Loss:  4.478(  4.931),  Prec@1:  6.250(  2.518),  Prec@5: 23.438(  9.673)
Epoch:[  0][ 900/1344],  lr:0.00100,  BatchTime:  0.40(  0.48),  DataTime:  0.07(  0.12),  Loss:  4.361(  4.922),  Prec@1:  7.812(  2.598),  Prec@5: 25.000(  9.902)
Epoch:[  0][ 920/1344],  lr:0.00100,  BatchTime:  0.39(  0.48),  DataTime:  0.10(  0.12),  Loss:  4.338(  4.913),  Prec@1:  3.125(  2.672),  Prec@5: 25.000( 10.145)
Epoch:[  0][ 940/1344],  lr:0.00100,  BatchTime:  0.41(  0.48),  DataTime:  0.09(  0.12),  Loss:  4.482(  4.906),  Prec@1:  4.688(  2.733),  Prec@5: 20.312( 10.338)
Epoch:[  0][ 960/1344],  lr:0.00100,  BatchTime:  0.42(  0.47),  DataTime:  0.11(  0.12),  Loss:  4.167(  4.896),  Prec@1:  7.812(  2.831),  Prec@5: 35.938( 10.643)
Epoch:[  0][ 980/1344],  lr:0.00100,  BatchTime:  0.42(  0.47),  DataTime:  0.09(  0.12),  Loss:  4.214(  4.887),  Prec@1: 12.500(  2.902),  Prec@5: 29.688( 10.901)
Epoch:[  0][1000/1344],  lr:0.00100,  BatchTime:  0.38(  0.47),  DataTime:  0.10(  0.12),  Loss:  4.506(  4.877),  Prec@1:  7.812(  2.992),  Prec@5: 25.000( 11.184)
Epoch:[  0][1020/1344],  lr:0.00100,  BatchTime:  0.44(  0.47),  DataTime:  0.09(  0.12),  Loss:  4.385(  4.869),  Prec@1:  7.812(  3.061),  Prec@5: 23.438( 11.387)
Epoch:[  0][1040/1344],  lr:0.00100,  BatchTime:  0.38(  0.47),  DataTime:  0.10(  0.12),  Loss:  4.239(  4.861),  Prec@1:  7.812(  3.130),  Prec@5: 23.438( 11.608)
Epoch:[  0][1060/1344],  lr:0.00100,  BatchTime:  0.41(  0.47),  DataTime:  0.10(  0.12),  Loss:  4.110(  4.851),  Prec@1: 14.062(  3.212),  Prec@5: 34.375( 11.874)
Epoch:[  0][1080/1344],  lr:0.00100,  BatchTime:  0.43(  0.47),  DataTime:  0.09(  0.12),  Loss:  4.516(  4.843),  Prec@1:  3.125(  3.288),  Prec@5: 18.750( 12.091)
Epoch:[  0][1100/1344],  lr:0.00100,  BatchTime:  0.42(  0.47),  DataTime:  0.11(  0.11),  Loss:  4.272(  4.833),  Prec@1:  6.250(  3.373),  Prec@5: 21.875( 12.354)
Epoch:[  0][1120/1344],  lr:0.00100,  BatchTime:  0.39(  0.47),  DataTime:  0.09(  0.11),  Loss:  4.374(  4.824),  Prec@1:  4.688(  3.454),  Prec@5: 29.688( 12.627)
Epoch:[  0][1140/1344],  lr:0.00100,  BatchTime:  0.40(  0.47),  DataTime:  0.09(  0.11),  Loss:  4.452(  4.816),  Prec@1: 10.938(  3.529),  Prec@5: 28.125( 12.845)
Epoch:[  0][1160/1344],  lr:0.00100,  BatchTime:  0.40(  0.46),  DataTime:  0.11(  0.11),  Loss:  4.415(  4.807),  Prec@1:  6.250(  3.616),  Prec@5: 28.125( 13.106)
Epoch:[  0][1180/1344],  lr:0.00100,  BatchTime:  0.42(  0.46),  DataTime:  0.10(  0.11),  Loss:  4.331(  4.799),  Prec@1:  6.250(  3.694),  Prec@5: 23.438( 13.319)
Epoch:[  0][1200/1344],  lr:0.00100,  BatchTime:  0.42(  0.46),  DataTime:  0.10(  0.11),  Loss:  4.089(  4.790),  Prec@1:  6.250(  3.792),  Prec@5: 26.562( 13.554)
Epoch:[  0][1220/1344],  lr:0.00100,  BatchTime:  0.42(  0.46),  DataTime:  0.10(  0.11),  Loss:  4.251(  4.780),  Prec@1: 17.188(  3.900),  Prec@5: 31.250( 13.805)
Epoch:[  0][1240/1344],  lr:0.00100,  BatchTime:  0.46(  0.46),  DataTime:  0.09(  0.11),  Loss:  4.143(  4.772),  Prec@1: 12.500(  3.990),  Prec@5: 28.125( 14.022)
Epoch:[  0][1260/1344],  lr:0.00100,  BatchTime:  0.48(  0.46),  DataTime:  0.08(  0.11),  Loss:  4.441(  4.763),  Prec@1:  7.812(  4.085),  Prec@5: 20.312( 14.252)
Epoch:[  0][1280/1344],  lr:0.00100,  BatchTime:  0.46(  0.46),  DataTime:  0.07(  0.11),  Loss:  4.196(  4.752),  Prec@1:  4.688(  4.179),  Prec@5: 32.812( 14.524)
Epoch:[  0][1300/1344],  lr:0.00100,  BatchTime:  0.47(  0.46),  DataTime:  0.08(  0.11),  Loss:  4.304(  4.745),  Prec@1:  4.688(  4.244),  Prec@5: 26.562( 14.712)
Epoch:[  0][1320/1344],  lr:0.00100,  BatchTime:  0.49(  0.46),  DataTime:  0.08(  0.11),  Loss:  4.158(  4.737),  Prec@1:  7.812(  4.331),  Prec@5: 26.562( 14.918)
Epoch:[  0][1340/1344],  lr:0.00100,  BatchTime:  0.38(  0.46),  DataTime:  0.08(  0.11),  Loss:  4.144(  4.728),  Prec@1:  4.688(  4.422),  Prec@5: 25.000( 15.124)
Freezing BatchNorm2D except the first one.
Validation:[   0/ 181],  BatchTime: 27.70( 27.70),  DataTime: 26.18( 26.18),  Loss:  3.951(  3.951),  Prec@1: 14.062( 14.062),  Prec@5: 42.188( 42.188)
Validation:[  20/ 181],  BatchTime:  0.17(  1.54),  DataTime:  0.01(  1.27),  Loss:  4.219(  4.261),  Prec@1:  3.125(  7.589),  Prec@5: 26.562( 28.199)
Validation:[  40/ 181],  BatchTime:  0.14(  0.87),  DataTime:  0.01(  0.66),  Loss:  4.018(  4.236),  Prec@1:  9.375(  8.346),  Prec@5: 25.000( 27.591)
Validation:[  60/ 181],  BatchTime:  0.48(  0.65),  DataTime:  0.01(  0.44),  Loss:  4.472(  4.243),  Prec@1:  9.375(  8.325),  Prec@5: 25.000( 27.946)
Validation:[  80/ 181],  BatchTime:  0.15(  0.53),  DataTime:  0.01(  0.34),  Loss:  4.339(  4.246),  Prec@1:  6.250(  8.256),  Prec@5: 26.562( 27.797)
Validation:[ 100/ 181],  BatchTime:  0.27(  0.47),  DataTime:  0.01(  0.27),  Loss:  4.103(  4.236),  Prec@1:  7.812(  8.122),  Prec@5: 37.500( 28.048)
Validation:[ 120/ 181],  BatchTime:  0.25(  0.44),  DataTime:  0.01(  0.23),  Loss:  3.856(  4.237),  Prec@1:  9.375(  8.135),  Prec@5: 45.312( 28.151)
Validation:[ 140/ 181],  BatchTime:  0.28(  0.42),  DataTime:  0.01(  0.20),  Loss:  3.964(  4.227),  Prec@1: 14.062(  8.455),  Prec@5: 34.375( 28.380)
Validation:[ 160/ 181],  BatchTime:  0.26(  0.40),  DataTime:  0.01(  0.17),  Loss:  4.178(  4.211),  Prec@1: 12.500(  8.569),  Prec@5: 29.688( 28.766)
Validation:[ 180/ 181],  BatchTime:  0.07(  0.39),  DataTime:  0.00(  0.15),  Loss:  5.080(  4.216),  Prec@1:  0.000(  8.575),  Prec@5:  0.000( 28.693)
Results:
Prec@1 8.575 Prec@5 28.693 Loss 4.216
Best Prec@1: 8.575

