using local dataset for Sth-sth-v1-jpg
Use Model Specified Training Policies
failed to load checkpoint
Replacing  module.base_model.fc.fc.weight
Replacing  module.base_model.fc.fc.bias
Freezing BatchNorm2D except the first one.
Epoch:[  0][   0/1344],  lr:0.00500,  BatchTime: 70.85( 70.85),  DataTime: 19.93( 19.93),  Loss:  5.230(  5.230),  Prec@1:  0.000(  0.000),  Prec@5:  4.688(  4.688)
Epoch:[  0][  20/1344],  lr:0.00500,  BatchTime:  2.55(  5.77),  DataTime:  1.28(  2.11),  Loss:  5.147(  5.156),  Prec@1:  0.000(  0.967),  Prec@5:  4.688(  4.390)
Epoch:[  0][  40/1344],  lr:0.00500,  BatchTime:  2.56(  4.25),  DataTime:  1.29(  1.71),  Loss:  5.132(  5.146),  Prec@1:  1.562(  0.724),  Prec@5:  1.562(  3.849)
Epoch:[  0][  60/1344],  lr:0.00500,  BatchTime:  2.57(  3.71),  DataTime:  1.28(  1.57),  Loss:  5.162(  5.142),  Prec@1:  1.562(  0.717),  Prec@5:  3.125(  3.586)
Epoch:[  0][  80/1344],  lr:0.00500,  BatchTime:  2.59(  3.43),  DataTime:  1.30(  1.50),  Loss:  5.077(  5.136),  Prec@1:  0.000(  0.656),  Prec@5:  1.562(  3.414)
Epoch:[  0][ 100/1344],  lr:0.00500,  BatchTime:  2.64(  3.27),  DataTime:  1.29(  1.46),  Loss:  5.113(  5.131),  Prec@1:  0.000(  0.650),  Prec@5:  3.125(  3.434)
Epoch:[  0][ 120/1344],  lr:0.00500,  BatchTime:  2.63(  3.16),  DataTime:  1.29(  1.43),  Loss:  5.113(  5.127),  Prec@1:  0.000(  0.710),  Prec@5:  3.125(  3.577)
Epoch:[  0][ 140/1344],  lr:0.00500,  BatchTime:  2.60(  3.08),  DataTime:  1.29(  1.41),  Loss:  5.079(  5.124),  Prec@1:  0.000(  0.709),  Prec@5:  0.000(  3.579)
Epoch:[  0][ 160/1344],  lr:0.00500,  BatchTime:  2.63(  3.02),  DataTime:  1.29(  1.40),  Loss:  5.142(  5.121),  Prec@1:  0.000(  0.786),  Prec@5:  1.562(  3.707)
Epoch:[  0][ 180/1344],  lr:0.00500,  BatchTime:  2.56(  2.97),  DataTime:  1.29(  1.38),  Loss:  5.027(  5.118),  Prec@1:  1.562(  0.803),  Prec@5:  3.125(  3.790)
Epoch:[  0][ 200/1344],  lr:0.00500,  BatchTime:  2.57(  2.93),  DataTime:  1.30(  1.37),  Loss:  5.124(  5.114),  Prec@1:  0.000(  0.863),  Prec@5:  1.562(  4.035)
Epoch:[  0][ 220/1344],  lr:0.00500,  BatchTime:  2.56(  2.90),  DataTime:  1.28(  1.37),  Loss:  5.098(  5.110),  Prec@1:  1.562(  0.891),  Prec@5:  3.125(  4.157)
Epoch:[  0][ 240/1344],  lr:0.00500,  BatchTime:  2.61(  2.88),  DataTime:  1.29(  1.36),  Loss:  5.061(  5.106),  Prec@1:  0.000(  0.908),  Prec@5:  4.688(  4.337)
Epoch:[  0][ 260/1344],  lr:0.00500,  BatchTime:  2.58(  2.85),  DataTime:  1.30(  1.35),  Loss:  5.148(  5.103),  Prec@1:  1.562(  0.946),  Prec@5:  1.562(  4.388)
Epoch:[  0][ 280/1344],  lr:0.00500,  BatchTime:  2.57(  2.84),  DataTime:  1.29(  1.35),  Loss:  5.073(  5.097),  Prec@1:  1.562(  1.018),  Prec@5:  4.688(  4.582)
Epoch:[  0][ 300/1344],  lr:0.00500,  BatchTime:  2.64(  2.82),  DataTime:  1.29(  1.35),  Loss:  5.028(  5.093),  Prec@1:  0.000(  1.049),  Prec@5:  6.250(  4.817)
Epoch:[  0][ 320/1344],  lr:0.00500,  BatchTime:  2.57(  2.81),  DataTime:  1.29(  1.34),  Loss:  4.959(  5.087),  Prec@1:  4.688(  1.105),  Prec@5:  6.250(  5.018)
Epoch:[  0][ 340/1344],  lr:0.00500,  BatchTime:  2.63(  2.79),  DataTime:  1.30(  1.34),  Loss:  4.828(  5.082),  Prec@1:  3.125(  1.191),  Prec@5:  9.375(  5.187)
Epoch:[  0][ 360/1344],  lr:0.00500,  BatchTime:  2.58(  2.78),  DataTime:  1.29(  1.34),  Loss:  4.868(  5.076),  Prec@1:  0.000(  1.234),  Prec@5: 10.938(  5.432)
Epoch:[  0][ 380/1344],  lr:0.00500,  BatchTime:  2.63(  2.77),  DataTime:  1.29(  1.33),  Loss:  5.102(  5.070),  Prec@1:  0.000(  1.312),  Prec@5:  4.688(  5.610)
Epoch:[  0][ 400/1344],  lr:0.00500,  BatchTime:  2.57(  2.76),  DataTime:  1.29(  1.33),  Loss:  4.857(  5.065),  Prec@1:  4.688(  1.340),  Prec@5: 12.500(  5.782)
Epoch:[  0][ 420/1344],  lr:0.00500,  BatchTime:  2.63(  2.76),  DataTime:  1.29(  1.33),  Loss:  4.763(  5.059),  Prec@1:  3.125(  1.399),  Prec@5: 12.500(  5.961)
Epoch:[  0][ 440/1344],  lr:0.00500,  BatchTime:  2.62(  2.75),  DataTime:  1.30(  1.33),  Loss:  4.985(  5.052),  Prec@1:  1.562(  1.481),  Prec@5:  6.250(  6.147)
Epoch:[  0][ 460/1344],  lr:0.00500,  BatchTime:  2.59(  2.74),  DataTime:  1.32(  1.33),  Loss:  4.920(  5.048),  Prec@1:  1.562(  1.491),  Prec@5:  7.812(  6.294)
Epoch:[  0][ 480/1344],  lr:0.00500,  BatchTime:  2.57(  2.74),  DataTime:  1.29(  1.32),  Loss:  4.865(  5.041),  Prec@1:  0.000(  1.595),  Prec@5: 10.938(  6.552)
Epoch:[  0][ 500/1344],  lr:0.00500,  BatchTime:  2.57(  2.73),  DataTime:  1.29(  1.32),  Loss:  4.940(  5.032),  Prec@1:  1.562(  1.690),  Prec@5:  9.375(  6.796)
Epoch:[  0][ 520/1344],  lr:0.00500,  BatchTime:  2.55(  2.72),  DataTime:  1.28(  1.32),  Loss:  4.943(  5.026),  Prec@1:  1.562(  1.742),  Prec@5:  3.125(  6.919)
Epoch:[  0][ 540/1344],  lr:0.00500,  BatchTime:  2.56(  2.72),  DataTime:  1.29(  1.32),  Loss:  4.906(  5.021),  Prec@1:  4.688(  1.762),  Prec@5: 12.500(  7.059)
Epoch:[  0][ 560/1344],  lr:0.00500,  BatchTime:  2.57(  2.71),  DataTime:  1.29(  1.32),  Loss:  4.825(  5.014),  Prec@1:  0.000(  1.822),  Prec@5: 12.500(  7.308)
Epoch:[  0][ 580/1344],  lr:0.00500,  BatchTime:  2.58(  2.71),  DataTime:  1.30(  1.32),  Loss:  4.499(  5.005),  Prec@1:  4.688(  1.874),  Prec@5: 20.312(  7.517)
Epoch:[  0][ 600/1344],  lr:0.00500,  BatchTime:  2.60(  2.71),  DataTime:  1.27(  1.32),  Loss:  4.749(  4.998),  Prec@1:  1.562(  1.900),  Prec@5: 14.062(  7.683)
Epoch:[  0][ 620/1344],  lr:0.00500,  BatchTime:  2.57(  2.70),  DataTime:  1.29(  1.32),  Loss:  4.697(  4.989),  Prec@1:  3.125(  1.945),  Prec@5: 17.188(  7.951)
Epoch:[  0][ 640/1344],  lr:0.00500,  BatchTime:  2.57(  2.70),  DataTime:  1.30(  1.31),  Loss:  4.718(  4.983),  Prec@1:  6.250(  1.984),  Prec@5: 14.062(  8.076)
Epoch:[  0][ 660/1344],  lr:0.00500,  BatchTime:  2.63(  2.70),  DataTime:  1.29(  1.31),  Loss:  4.776(  4.974),  Prec@1:  3.125(  2.087),  Prec@5: 17.188(  8.349)
Epoch:[  0][ 680/1344],  lr:0.00500,  BatchTime:  2.58(  2.69),  DataTime:  1.29(  1.31),  Loss:  4.865(  4.966),  Prec@1:  1.562(  2.141),  Prec@5:  7.812(  8.577)
Epoch:[  0][ 700/1344],  lr:0.00500,  BatchTime:  2.58(  2.69),  DataTime:  1.29(  1.31),  Loss:  4.627(  4.957),  Prec@1:  3.125(  2.218),  Prec@5: 12.500(  8.833)
Epoch:[  0][ 720/1344],  lr:0.00500,  BatchTime:  2.57(  2.69),  DataTime:  1.29(  1.31),  Loss:  4.805(  4.949),  Prec@1:  3.125(  2.282),  Prec@5:  6.250(  9.052)
Epoch:[  0][ 740/1344],  lr:0.00500,  BatchTime:  2.56(  2.68),  DataTime:  1.28(  1.31),  Loss:  4.656(  4.942),  Prec@1:  3.125(  2.341),  Prec@5: 12.500(  9.244)
Epoch:[  0][ 760/1344],  lr:0.00500,  BatchTime:  2.57(  2.68),  DataTime:  1.29(  1.31),  Loss:  4.823(  4.935),  Prec@1:  1.562(  2.408),  Prec@5: 14.062(  9.476)
Epoch:[  0][ 780/1344],  lr:0.00500,  BatchTime:  2.59(  2.68),  DataTime:  1.30(  1.31),  Loss:  4.775(  4.926),  Prec@1:  1.562(  2.473),  Prec@5: 21.875(  9.727)
Epoch:[  0][ 800/1344],  lr:0.00500,  BatchTime:  2.56(  2.68),  DataTime:  1.29(  1.31),  Loss:  4.659(  4.916),  Prec@1:  1.562(  2.536),  Prec@5: 17.188( 10.009)
Epoch:[  0][ 820/1344],  lr:0.00500,  BatchTime:  2.56(  2.67),  DataTime:  1.28(  1.31),  Loss:  4.615(  4.907),  Prec@1:  6.250(  2.619),  Prec@5: 12.500( 10.226)
Epoch:[  0][ 840/1344],  lr:0.00500,  BatchTime:  2.56(  2.67),  DataTime:  1.29(  1.31),  Loss:  4.483(  4.900),  Prec@1:  3.125(  2.677),  Prec@5: 21.875( 10.425)
Epoch:[  0][ 860/1344],  lr:0.00500,  BatchTime:  2.56(  2.67),  DataTime:  1.29(  1.31),  Loss:  4.907(  4.893),  Prec@1:  3.125(  2.737),  Prec@5:  9.375( 10.645)
Epoch:[  0][ 880/1344],  lr:0.00500,  BatchTime:  2.57(  2.67),  DataTime:  1.30(  1.31),  Loss:  4.475(  4.885),  Prec@1:  7.812(  2.820),  Prec@5: 20.312( 10.868)
Epoch:[  0][ 900/1344],  lr:0.00500,  BatchTime:  2.61(  2.67),  DataTime:  1.28(  1.31),  Loss:  4.522(  4.876),  Prec@1: 14.062(  2.908),  Prec@5: 23.438( 11.088)
Epoch:[  0][ 920/1344],  lr:0.00500,  BatchTime:  2.56(  2.67),  DataTime:  1.29(  1.31),  Loss:  4.654(  4.868),  Prec@1:  6.250(  2.998),  Prec@5: 21.875( 11.302)
Epoch:[  0][ 940/1344],  lr:0.00500,  BatchTime:  2.55(  2.66),  DataTime:  1.29(  1.31),  Loss:  4.493(  4.861),  Prec@1:  4.688(  3.074),  Prec@5: 23.438( 11.512)
Epoch:[  0][ 960/1344],  lr:0.00500,  BatchTime:  2.57(  2.66),  DataTime:  1.29(  1.31),  Loss:  4.492(  4.851),  Prec@1:  3.125(  3.162),  Prec@5: 23.438( 11.780)
Epoch:[  0][ 980/1344],  lr:0.00500,  BatchTime:  2.56(  2.66),  DataTime:  1.29(  1.30),  Loss:  4.297(  4.841),  Prec@1: 10.938(  3.248),  Prec@5: 32.812( 12.065)
Epoch:[  0][1000/1344],  lr:0.00500,  BatchTime:  2.58(  2.66),  DataTime:  1.29(  1.30),  Loss:  4.427(  4.834),  Prec@1:  4.688(  3.309),  Prec@5: 31.250( 12.294)
Epoch:[  0][1020/1344],  lr:0.00500,  BatchTime:  2.56(  2.66),  DataTime:  1.28(  1.30),  Loss:  4.468(  4.826),  Prec@1: 14.062(  3.373),  Prec@5: 25.000( 12.495)
Epoch:[  0][1040/1344],  lr:0.00500,  BatchTime:  2.56(  2.66),  DataTime:  1.28(  1.30),  Loss:  4.358(  4.819),  Prec@1:  6.250(  3.433),  Prec@5: 23.438( 12.677)
Epoch:[  0][1060/1344],  lr:0.00500,  BatchTime:  2.56(  2.66),  DataTime:  1.28(  1.30),  Loss:  4.426(  4.811),  Prec@1: 10.938(  3.499),  Prec@5: 25.000( 12.886)
Epoch:[  0][1080/1344],  lr:0.00500,  BatchTime:  2.56(  2.66),  DataTime:  1.29(  1.30),  Loss:  4.575(  4.803),  Prec@1:  7.812(  3.572),  Prec@5: 25.000( 13.103)
Epoch:[  0][1100/1344],  lr:0.00500,  BatchTime:  2.62(  2.65),  DataTime:  1.29(  1.30),  Loss:  4.247(  4.795),  Prec@1:  6.250(  3.654),  Prec@5: 23.438( 13.298)
Epoch:[  0][1120/1344],  lr:0.00500,  BatchTime:  2.86(  2.65),  DataTime:  1.31(  1.30),  Loss:  4.369(  4.788),  Prec@1: 10.938(  3.747),  Prec@5: 23.438( 13.515)
Epoch:[  0][1140/1344],  lr:0.00500,  BatchTime:  2.56(  2.65),  DataTime:  1.29(  1.30),  Loss:  4.186(  4.780),  Prec@1:  9.375(  3.817),  Prec@5: 26.562( 13.730)
Epoch:[  0][1160/1344],  lr:0.00500,  BatchTime:  2.62(  2.65),  DataTime:  1.29(  1.30),  Loss:  4.378(  4.773),  Prec@1:  3.125(  3.885),  Prec@5: 21.875( 13.944)
Epoch:[  0][1180/1344],  lr:0.00500,  BatchTime:  2.62(  2.65),  DataTime:  1.29(  1.30),  Loss:  4.278(  4.765),  Prec@1: 10.938(  3.966),  Prec@5: 23.438( 14.126)
Epoch:[  0][1200/1344],  lr:0.00500,  BatchTime:  2.56(  2.65),  DataTime:  1.29(  1.30),  Loss:  4.175(  4.758),  Prec@1:  9.375(  4.030),  Prec@5: 37.500( 14.338)
Epoch:[  0][1220/1344],  lr:0.00500,  BatchTime:  2.59(  2.65),  DataTime:  1.28(  1.30),  Loss:  4.435(  4.750),  Prec@1:  7.812(  4.108),  Prec@5: 26.562( 14.554)
Epoch:[  0][1240/1344],  lr:0.00500,  BatchTime:  2.55(  2.65),  DataTime:  1.29(  1.30),  Loss:  4.417(  4.744),  Prec@1:  3.125(  4.146),  Prec@5: 18.750( 14.711)
Epoch:[  0][1260/1344],  lr:0.00500,  BatchTime:  2.56(  2.65),  DataTime:  1.29(  1.30),  Loss:  3.936(  4.736),  Prec@1: 18.750(  4.250),  Prec@5: 37.500( 14.947)
Epoch:[  0][1280/1344],  lr:0.00500,  BatchTime:  2.56(  2.64),  DataTime:  1.29(  1.30),  Loss:  4.087(  4.729),  Prec@1: 14.062(  4.344),  Prec@5: 31.250( 15.148)
Epoch:[  0][1300/1344],  lr:0.00500,  BatchTime:  2.56(  2.64),  DataTime:  1.29(  1.30),  Loss:  4.345(  4.723),  Prec@1:  7.812(  4.376),  Prec@5: 23.438( 15.318)
Epoch:[  0][1320/1344],  lr:0.00500,  BatchTime:  2.56(  2.64),  DataTime:  1.29(  1.30),  Loss:  4.392(  4.715),  Prec@1:  7.812(  4.451),  Prec@5: 29.688( 15.528)
Epoch:[  0][1340/1344],  lr:0.00500,  BatchTime:  2.55(  2.64),  DataTime:  1.28(  1.30),  Loss:  4.511(  4.708),  Prec@1:  6.250(  4.517),  Prec@5: 23.438( 15.731)
Freezing BatchNorm2D except the first one.
Validation:[   0/ 181],  BatchTime: 30.62( 30.62),  DataTime: 27.32( 27.32),  Loss:  4.046(  4.046),  Prec@1:  6.250(  6.250),  Prec@5: 23.438( 23.438)
Validation:[  20/ 181],  BatchTime:  0.75(  2.23),  DataTime:  0.04(  1.35),  Loss:  4.468(  4.363),  Prec@1:  6.250(  6.324),  Prec@5: 26.562( 22.917)
Validation:[  40/ 181],  BatchTime:  0.74(  1.52),  DataTime:  0.04(  0.71),  Loss:  4.073(  4.338),  Prec@1:  6.250(  7.431),  Prec@5: 31.250( 25.114)
Validation:[  60/ 181],  BatchTime:  0.74(  1.27),  DataTime:  0.04(  0.49),  Loss:  4.365(  4.388),  Prec@1:  7.812(  7.300),  Prec@5: 23.438( 23.950)
Validation:[  80/ 181],  BatchTime:  0.74(  1.14),  DataTime:  0.04(  0.38),  Loss:  4.551(  4.394),  Prec@1:  4.688(  7.022),  Prec@5: 15.625( 23.939)
Validation:[ 100/ 181],  BatchTime:  0.75(  1.07),  DataTime:  0.04(  0.31),  Loss:  4.107(  4.409),  Prec@1: 10.938(  6.745),  Prec@5: 29.688( 23.778)
Validation:[ 120/ 181],  BatchTime:  0.75(  1.01),  DataTime:  0.04(  0.27),  Loss:  4.380(  4.415),  Prec@1:  4.688(  6.573),  Prec@5: 32.812( 23.670)
Validation:[ 140/ 181],  BatchTime:  0.75(  0.98),  DataTime:  0.04(  0.23),  Loss:  4.294(  4.411),  Prec@1:  4.688(  6.461),  Prec@5: 32.812( 23.892)
Validation:[ 160/ 181],  BatchTime:  0.75(  0.95),  DataTime:  0.04(  0.21),  Loss:  4.735(  4.406),  Prec@1:  1.562(  6.570),  Prec@5:  9.375( 23.835)
Validation:[ 180/ 181],  BatchTime:  0.11(  0.92),  DataTime:  0.00(  0.19),  Loss:  4.930(  4.408),  Prec@1:  0.000(  6.709),  Prec@5: 50.000( 23.998)
Results:
Prec@1 6.709 Prec@5 23.998 Loss 4.408
Best Prec@1: 6.709

Freezing BatchNorm2D except the first one.
Epoch:[  1][   0/1344],  lr:0.00500,  BatchTime: 26.59( 26.59),  DataTime: 24.85( 24.85),  Loss:  4.464(  4.464),  Prec@1:  9.375(  9.375),  Prec@5: 28.125( 28.125)
Epoch:[  1][  20/1344],  lr:0.00500,  BatchTime:  2.60(  3.77),  DataTime:  1.29(  2.40),  Loss:  4.276(  4.207),  Prec@1:  4.688( 10.342),  Prec@5: 29.688( 29.241)
Epoch:[  1][  40/1344],  lr:0.00500,  BatchTime:  2.60(  3.20),  DataTime:  1.29(  1.86),  Loss:  4.271(  4.192),  Prec@1: 15.625( 11.242),  Prec@5: 31.250( 30.183)
Epoch:[  1][  60/1344],  lr:0.00500,  BatchTime:  2.56(  3.00),  DataTime:  1.29(  1.67),  Loss:  4.112(  4.144),  Prec@1: 14.062( 11.373),  Prec@5: 35.938( 31.045)
Epoch:[  1][  80/1344],  lr:0.00500,  BatchTime:  2.84(  2.90),  DataTime:  1.29(  1.58),  Loss:  4.055(  4.144),  Prec@1:  7.812( 11.169),  Prec@5: 29.688( 31.076)
Epoch:[  1][ 100/1344],  lr:0.00500,  BatchTime:  2.55(  2.84),  DataTime:  1.28(  1.52),  Loss:  4.208(  4.137),  Prec@1: 10.938( 11.077),  Prec@5: 21.875( 30.987)
Epoch:[  1][ 120/1344],  lr:0.00500,  BatchTime:  2.57(  2.80),  DataTime:  1.29(  1.48),  Loss:  3.937(  4.134),  Prec@1: 12.500( 11.080),  Prec@5: 35.938( 31.134)
Epoch:[  1][ 140/1344],  lr:0.00500,  BatchTime:  2.61(  2.77),  DataTime:  1.28(  1.45),  Loss:  4.156(  4.137),  Prec@1:  4.688( 11.070),  Prec@5: 31.250( 31.283)
Epoch:[  1][ 160/1344],  lr:0.00500,  BatchTime:  2.55(  2.75),  DataTime:  1.28(  1.43),  Loss:  3.994(  4.138),  Prec@1:  4.688( 10.986),  Prec@5: 31.250( 31.172)
Epoch:[  1][ 180/1344],  lr:0.00500,  BatchTime:  2.62(  2.73),  DataTime:  1.29(  1.42),  Loss:  4.030(  4.125),  Prec@1: 15.625( 11.076),  Prec@5: 37.500( 31.466)
Epoch:[  1][ 200/1344],  lr:0.00500,  BatchTime:  2.56(  2.72),  DataTime:  1.29(  1.40),  Loss:  4.111(  4.116),  Prec@1:  9.375( 11.140),  Prec@5: 29.688( 31.670)
Epoch:[  1][ 220/1344],  lr:0.00500,  BatchTime:  2.68(  2.70),  DataTime:  1.28(  1.39),  Loss:  4.325(  4.110),  Prec@1:  4.688( 11.256),  Prec@5: 26.562( 31.999)
Epoch:[  1][ 240/1344],  lr:0.00500,  BatchTime:  2.64(  2.70),  DataTime:  1.29(  1.38),  Loss:  4.044(  4.104),  Prec@1: 14.062( 11.281),  Prec@5: 32.812( 32.164)
Epoch:[  1][ 260/1344],  lr:0.00500,  BatchTime:  2.56(  2.69),  DataTime:  1.29(  1.38),  Loss:  3.913(  4.099),  Prec@1: 10.938( 11.381),  Prec@5: 35.938( 32.292)
Epoch:[  1][ 280/1344],  lr:0.00500,  BatchTime:  2.56(  2.68),  DataTime:  1.29(  1.37),  Loss:  4.006(  4.094),  Prec@1: 12.500( 11.382),  Prec@5: 34.375( 32.418)
Epoch:[  1][ 300/1344],  lr:0.00500,  BatchTime:  2.56(  2.67),  DataTime:  1.28(  1.36),  Loss:  3.966(  4.097),  Prec@1:  9.375( 11.415),  Prec@5: 40.625( 32.408)
Epoch:[  1][ 320/1344],  lr:0.00500,  BatchTime:  2.59(  2.67),  DataTime:  1.28(  1.36),  Loss:  3.625(  4.089),  Prec@1: 20.312( 11.556),  Prec@5: 45.312( 32.662)
Epoch:[  1][ 340/1344],  lr:0.00500,  BatchTime:  2.64(  2.66),  DataTime:  1.29(  1.35),  Loss:  4.153(  4.085),  Prec@1: 14.062( 11.542),  Prec@5: 28.125( 32.744)
Epoch:[  1][ 360/1344],  lr:0.00500,  BatchTime:  2.60(  2.66),  DataTime:  1.28(  1.35),  Loss:  4.086(  4.078),  Prec@1:  6.250( 11.673),  Prec@5: 35.938( 32.968)
Epoch:[  1][ 380/1344],  lr:0.00500,  BatchTime:  2.54(  2.66),  DataTime:  1.27(  1.35),  Loss:  3.855(  4.074),  Prec@1: 14.062( 11.680),  Prec@5: 40.625( 33.116)
Epoch:[  1][ 400/1344],  lr:0.00500,  BatchTime:  2.57(  2.65),  DataTime:  1.29(  1.34),  Loss:  3.949(  4.070),  Prec@1: 15.625( 11.721),  Prec@5: 37.500( 33.253)
Epoch:[  1][ 420/1344],  lr:0.00500,  BatchTime:  2.60(  2.65),  DataTime:  1.29(  1.34),  Loss:  4.022(  4.066),  Prec@1:  7.812( 11.854),  Prec@5: 31.250( 33.432)
Epoch:[  1][ 440/1344],  lr:0.00500,  BatchTime:  2.55(  2.65),  DataTime:  1.29(  1.34),  Loss:  3.885(  4.056),  Prec@1: 14.062( 11.961),  Prec@5: 35.938( 33.681)
Epoch:[  1][ 460/1344],  lr:0.00500,  BatchTime:  2.61(  2.64),  DataTime:  1.29(  1.34),  Loss:  3.904(  4.054),  Prec@1: 12.500( 12.053),  Prec@5: 35.938( 33.738)
Epoch:[  1][ 480/1344],  lr:0.00500,  BatchTime:  2.61(  2.64),  DataTime:  1.28(  1.33),  Loss:  4.093(  4.052),  Prec@1: 10.938( 12.126),  Prec@5: 29.688( 33.810)
Epoch:[  1][ 500/1344],  lr:0.00500,  BatchTime:  2.61(  2.64),  DataTime:  1.28(  1.33),  Loss:  4.097(  4.048),  Prec@1: 10.938( 12.160),  Prec@5: 32.812( 33.913)
Epoch:[  1][ 520/1344],  lr:0.00500,  BatchTime:  2.63(  2.64),  DataTime:  1.29(  1.33),  Loss:  3.997(  4.042),  Prec@1: 10.938( 12.221),  Prec@5: 37.500( 34.054)
Epoch:[  1][ 540/1344],  lr:0.00500,  BatchTime:  2.55(  2.64),  DataTime:  1.28(  1.33),  Loss:  3.799(  4.037),  Prec@1: 15.625( 12.272),  Prec@5: 40.625( 34.184)
Epoch:[  1][ 560/1344],  lr:0.00500,  BatchTime:  2.56(  2.64),  DataTime:  1.29(  1.33),  Loss:  3.923(  4.035),  Prec@1: 10.938( 12.263),  Prec@5: 35.938( 34.269)
Epoch:[  1][ 580/1344],  lr:0.00500,  BatchTime:  2.61(  2.64),  DataTime:  1.28(  1.33),  Loss:  3.879(  4.030),  Prec@1: 18.750( 12.352),  Prec@5: 37.500( 34.394)
Epoch:[  1][ 600/1344],  lr:0.00500,  BatchTime:  2.55(  2.63),  DataTime:  1.28(  1.33),  Loss:  3.939(  4.025),  Prec@1: 15.625( 12.466),  Prec@5: 34.375( 34.539)
Epoch:[  1][ 620/1344],  lr:0.00500,  BatchTime:  2.60(  2.63),  DataTime:  1.32(  1.32),  Loss:  3.835(  4.022),  Prec@1: 17.188( 12.485),  Prec@5: 37.500( 34.654)
Epoch:[  1][ 640/1344],  lr:0.00500,  BatchTime:  2.55(  2.63),  DataTime:  1.28(  1.32),  Loss:  4.003(  4.015),  Prec@1: 21.875( 12.568),  Prec@5: 37.500( 34.792)
Epoch:[  1][ 660/1344],  lr:0.00500,  BatchTime:  2.55(  2.63),  DataTime:  1.28(  1.32),  Loss:  4.019(  4.012),  Prec@1: 17.188( 12.618),  Prec@5: 40.625( 34.829)
Epoch:[  1][ 680/1344],  lr:0.00500,  BatchTime:  2.66(  2.63),  DataTime:  1.28(  1.32),  Loss:  3.931(  4.008),  Prec@1: 18.750( 12.702),  Prec@5: 40.625( 34.967)
Epoch:[  1][ 700/1344],  lr:0.00500,  BatchTime:  2.62(  2.63),  DataTime:  1.28(  1.32),  Loss:  3.785(  4.002),  Prec@1: 14.062( 12.776),  Prec@5: 40.625( 35.137)
Epoch:[  1][ 720/1344],  lr:0.00500,  BatchTime:  2.61(  2.63),  DataTime:  1.28(  1.32),  Loss:  3.914(  3.996),  Prec@1:  7.812( 12.842),  Prec@5: 32.812( 35.303)
Epoch:[  1][ 740/1344],  lr:0.00500,  BatchTime:  2.63(  2.63),  DataTime:  1.29(  1.32),  Loss:  3.780(  3.993),  Prec@1: 15.625( 12.899),  Prec@5: 39.062( 35.393)
Epoch:[  1][ 760/1344],  lr:0.00500,  BatchTime:  2.63(  2.63),  DataTime:  1.28(  1.32),  Loss:  3.738(  3.988),  Prec@1: 20.312( 12.985),  Prec@5: 40.625( 35.529)
Epoch:[  1][ 780/1344],  lr:0.00500,  BatchTime:  2.55(  2.63),  DataTime:  1.28(  1.32),  Loss:  4.006(  3.982),  Prec@1: 12.500( 13.042),  Prec@5: 42.188( 35.671)
Epoch:[  1][ 800/1344],  lr:0.00500,  BatchTime:  2.55(  2.63),  DataTime:  1.28(  1.32),  Loss:  3.467(  3.977),  Prec@1: 28.125( 13.120),  Prec@5: 45.312( 35.842)
Epoch:[  1][ 820/1344],  lr:0.00500,  BatchTime:  2.61(  2.62),  DataTime:  1.28(  1.31),  Loss:  3.926(  3.974),  Prec@1:  9.375( 13.164),  Prec@5: 31.250( 35.922)
Epoch:[  1][ 840/1344],  lr:0.00500,  BatchTime:  2.62(  2.62),  DataTime:  1.29(  1.31),  Loss:  4.237(  3.971),  Prec@1:  9.375( 13.212),  Prec@5: 26.562( 36.030)
Epoch:[  1][ 860/1344],  lr:0.00500,  BatchTime:  2.55(  2.62),  DataTime:  1.28(  1.31),  Loss:  4.153(  3.967),  Prec@1: 10.938( 13.264),  Prec@5: 29.688( 36.128)
Epoch:[  1][ 880/1344],  lr:0.00500,  BatchTime:  2.63(  2.62),  DataTime:  1.29(  1.31),  Loss:  4.036(  3.964),  Prec@1: 15.625( 13.316),  Prec@5: 40.625( 36.198)
Epoch:[  1][ 900/1344],  lr:0.00500,  BatchTime:  2.61(  2.62),  DataTime:  1.28(  1.31),  Loss:  3.833(  3.958),  Prec@1: 12.500( 13.384),  Prec@5: 43.750( 36.343)
Epoch:[  1][ 920/1344],  lr:0.00500,  BatchTime:  2.61(  2.62),  DataTime:  1.28(  1.31),  Loss:  3.807(  3.956),  Prec@1: 17.188( 13.442),  Prec@5: 40.625( 36.397)
Epoch:[  1][ 940/1344],  lr:0.00500,  BatchTime:  2.58(  2.62),  DataTime:  1.28(  1.31),  Loss:  3.999(  3.951),  Prec@1: 12.500( 13.510),  Prec@5: 35.938( 36.525)
Epoch:[  1][ 960/1344],  lr:0.00500,  BatchTime:  2.83(  2.62),  DataTime:  1.28(  1.31),  Loss:  3.449(  3.947),  Prec@1: 20.312( 13.586),  Prec@5: 56.250( 36.661)
Epoch:[  1][ 980/1344],  lr:0.00500,  BatchTime:  2.56(  2.62),  DataTime:  1.29(  1.31),  Loss:  3.617(  3.941),  Prec@1: 17.188( 13.690),  Prec@5: 40.625( 36.802)
Epoch:[  1][1000/1344],  lr:0.00500,  BatchTime:  2.56(  2.62),  DataTime:  1.29(  1.31),  Loss:  3.883(  3.938),  Prec@1: 14.062( 13.750),  Prec@5: 37.500( 36.849)
Epoch:[  1][1020/1344],  lr:0.00500,  BatchTime:  2.60(  2.62),  DataTime:  1.28(  1.31),  Loss:  3.628(  3.932),  Prec@1: 21.875( 13.851),  Prec@5: 40.625( 36.981)
Epoch:[  1][1040/1344],  lr:0.00500,  BatchTime:  2.59(  2.62),  DataTime:  1.28(  1.31),  Loss:  3.681(  3.928),  Prec@1: 18.750( 13.939),  Prec@5: 43.750( 37.077)
Epoch:[  1][1060/1344],  lr:0.00500,  BatchTime:  2.56(  2.62),  DataTime:  1.29(  1.31),  Loss:  3.670(  3.925),  Prec@1: 21.875( 13.998),  Prec@5: 42.188( 37.182)
Epoch:[  1][1080/1344],  lr:0.00500,  BatchTime:  2.56(  2.62),  DataTime:  1.29(  1.31),  Loss:  3.216(  3.921),  Prec@1: 18.750( 14.036),  Prec@5: 50.000( 37.262)
Epoch:[  1][1100/1344],  lr:0.00500,  BatchTime:  2.56(  2.62),  DataTime:  1.28(  1.31),  Loss:  3.241(  3.917),  Prec@1: 25.000( 14.099),  Prec@5: 56.250( 37.367)
Epoch:[  1][1120/1344],  lr:0.00500,  BatchTime:  2.55(  2.62),  DataTime:  1.28(  1.31),  Loss:  3.771(  3.914),  Prec@1:  9.375( 14.145),  Prec@5: 45.312( 37.436)
Epoch:[  1][1140/1344],  lr:0.00500,  BatchTime:  2.55(  2.62),  DataTime:  1.27(  1.31),  Loss:  3.574(  3.907),  Prec@1:  9.375( 14.245),  Prec@5: 50.000( 37.623)
Epoch:[  1][1160/1344],  lr:0.00500,  BatchTime:  2.55(  2.62),  DataTime:  1.28(  1.31),  Loss:  3.887(  3.902),  Prec@1: 15.625( 14.342),  Prec@5: 40.625( 37.737)
Epoch:[  1][1180/1344],  lr:0.00500,  BatchTime:  2.63(  2.62),  DataTime:  1.29(  1.31),  Loss:  3.674(  3.897),  Prec@1: 25.000( 14.404),  Prec@5: 48.438( 37.874)
Epoch:[  1][1200/1344],  lr:0.00500,  BatchTime:  2.56(  2.62),  DataTime:  1.29(  1.30),  Loss:  3.454(  3.893),  Prec@1: 25.000( 14.440),  Prec@5: 54.688( 37.976)
Epoch:[  1][1220/1344],  lr:0.00500,  BatchTime:  2.55(  2.62),  DataTime:  1.28(  1.30),  Loss:  3.608(  3.888),  Prec@1: 18.750( 14.519),  Prec@5: 50.000( 38.117)
Epoch:[  1][1240/1344],  lr:0.00500,  BatchTime:  2.56(  2.62),  DataTime:  1.29(  1.30),  Loss:  3.280(  3.885),  Prec@1: 28.125( 14.566),  Prec@5: 53.125( 38.210)
Epoch:[  1][1260/1344],  lr:0.00500,  BatchTime:  2.55(  2.62),  DataTime:  1.28(  1.30),  Loss:  3.514(  3.880),  Prec@1: 21.875( 14.654),  Prec@5: 43.750( 38.333)
Epoch:[  1][1280/1344],  lr:0.00500,  BatchTime:  2.56(  2.61),  DataTime:  1.28(  1.30),  Loss:  3.346(  3.875),  Prec@1: 20.312( 14.761),  Prec@5: 46.875( 38.432)
Epoch:[  1][1300/1344],  lr:0.00500,  BatchTime:  2.56(  2.61),  DataTime:  1.28(  1.30),  Loss:  3.884(  3.871),  Prec@1: 17.188( 14.808),  Prec@5: 43.750( 38.539)
Epoch:[  1][1320/1344],  lr:0.00500,  BatchTime:  2.55(  2.61),  DataTime:  1.28(  1.30),  Loss:  3.829(  3.866),  Prec@1: 20.312( 14.902),  Prec@5: 46.875( 38.650)
Epoch:[  1][1340/1344],  lr:0.00500,  BatchTime:  2.55(  2.61),  DataTime:  1.28(  1.30),  Loss:  3.222(  3.862),  Prec@1: 26.562( 14.981),  Prec@5: 56.250( 38.758)
Freezing BatchNorm2D except the first one.
Validation:[   0/ 181],  BatchTime: 24.08( 24.08),  DataTime: 21.52( 21.52),  Loss:  3.944(  3.944),  Prec@1: 26.562( 26.562),  Prec@5: 40.625( 40.625)
Validation:[  20/ 181],  BatchTime:  0.75(  2.06),  DataTime:  0.04(  1.15),  Loss:  4.185(  4.010),  Prec@1: 15.625( 14.583),  Prec@5: 43.750( 38.690)
Validation:[  40/ 181],  BatchTime:  0.75(  1.43),  DataTime:  0.04(  0.61),  Loss:  3.710(  3.896),  Prec@1: 14.062( 14.977),  Prec@5: 46.875( 41.463)
Validation:[  60/ 181],  BatchTime:  0.74(  1.21),  DataTime:  0.04(  0.42),  Loss:  4.328(  3.942),  Prec@1:  7.812( 14.857),  Prec@5: 37.500( 40.804)
Validation:[  80/ 181],  BatchTime:  0.74(  1.09),  DataTime:  0.03(  0.33),  Loss:  3.785(  3.939),  Prec@1: 15.625( 14.950),  Prec@5: 37.500( 40.567)
Validation:[ 100/ 181],  BatchTime:  0.75(  1.03),  DataTime:  0.04(  0.27),  Loss:  3.634(  3.924),  Prec@1: 18.750( 15.316),  Prec@5: 46.875( 40.903)
Validation:[ 120/ 181],  BatchTime:  0.74(  0.98),  DataTime:  0.04(  0.23),  Loss:  3.415(  3.925),  Prec@1: 20.312( 15.186),  Prec@5: 54.688( 40.999)
Validation:[ 140/ 181],  BatchTime:  0.75(  0.95),  DataTime:  0.04(  0.20),  Loss:  3.537(  3.925),  Prec@1: 15.625( 14.982),  Prec@5: 48.438( 41.068)
Validation:[ 160/ 181],  BatchTime:  0.75(  0.93),  DataTime:  0.04(  0.18),  Loss:  4.136(  3.917),  Prec@1: 12.500( 15.091),  Prec@5: 34.375( 40.926)
Validation:[ 180/ 181],  BatchTime:  0.11(  0.90),  DataTime:  0.00(  0.17),  Loss:  5.456(  3.935),  Prec@1: 50.000( 14.928),  Prec@5: 50.000( 40.453)
Results:
Prec@1 14.928 Prec@5 40.453 Loss 3.935
Best Prec@1: 14.928

Freezing BatchNorm2D except the first one.
Epoch:[  2][   0/1344],  lr:0.00500,  BatchTime: 29.28( 29.28),  DataTime: 27.72( 27.72),  Loss:  3.782(  3.782),  Prec@1: 17.188( 17.188),  Prec@5: 40.625( 40.625)
Epoch:[  2][  20/1344],  lr:0.00500,  BatchTime:  2.56(  3.87),  DataTime:  1.28(  2.54),  Loss:  3.351(  3.539),  Prec@1: 25.000( 20.685),  Prec@5: 53.125( 46.652)
Epoch:[  2][  40/1344],  lr:0.00500,  BatchTime:  2.60(  3.24),  DataTime:  1.27(  1.93),  Loss:  3.187(  3.507),  Prec@1: 35.938( 21.723),  Prec@5: 53.125( 47.752)
Epoch:[  2][  60/1344],  lr:0.00500,  BatchTime:  2.61(  3.03),  DataTime:  1.32(  1.72),  Loss:  3.481(  3.483),  Prec@1: 20.312( 21.644),  Prec@5: 43.750( 47.643)
Epoch:[  2][  80/1344],  lr:0.00500,  BatchTime:  2.63(  2.92),  DataTime:  1.28(  1.61),  Loss:  3.562(  3.475),  Prec@1: 23.438( 21.933),  Prec@5: 51.562( 47.955)
Epoch:[  2][ 100/1344],  lr:0.00500,  BatchTime:  2.62(  2.85),  DataTime:  1.28(  1.55),  Loss:  3.579(  3.485),  Prec@1: 29.688( 21.643),  Prec@5: 54.688( 47.788)
Epoch:[  2][ 120/1344],  lr:0.00500,  BatchTime:  2.56(  2.81),  DataTime:  1.29(  1.50),  Loss:  3.786(  3.489),  Prec@1: 12.500( 21.268),  Prec@5: 34.375( 47.740)
Epoch:[  2][ 140/1344],  lr:0.00500,  BatchTime:  2.56(  2.78),  DataTime:  1.27(  1.47),  Loss:  3.371(  3.489),  Prec@1: 23.438( 21.254),  Prec@5: 53.125( 47.717)
Epoch:[  2][ 160/1344],  lr:0.00500,  BatchTime:  2.56(  2.75),  DataTime:  1.29(  1.45),  Loss:  3.088(  3.483),  Prec@1: 31.250( 21.351),  Prec@5: 57.812( 47.768)
Epoch:[  2][ 180/1344],  lr:0.00500,  BatchTime:  2.55(  2.73),  DataTime:  1.28(  1.43),  Loss:  2.903(  3.473),  Prec@1: 34.375( 21.366),  Prec@5: 56.250( 47.971)
Epoch:[  2][ 200/1344],  lr:0.00500,  BatchTime:  2.57(  2.72),  DataTime:  1.28(  1.42),  Loss:  3.453(  3.474),  Prec@1: 14.062( 21.409),  Prec@5: 48.438( 47.924)
Epoch:[  2][ 220/1344],  lr:0.00500,  BatchTime:  2.56(  2.71),  DataTime:  1.29(  1.40),  Loss:  3.373(  3.476),  Prec@1: 26.562( 21.352),  Prec@5: 48.438( 47.872)
Epoch:[  2][ 240/1344],  lr:0.00500,  BatchTime:  2.56(  2.70),  DataTime:  1.29(  1.39),  Loss:  3.677(  3.490),  Prec@1: 17.188( 21.233),  Prec@5: 40.625( 47.647)
Epoch:[  2][ 260/1344],  lr:0.00500,  BatchTime:  2.62(  2.69),  DataTime:  1.29(  1.39),  Loss:  3.824(  3.492),  Prec@1: 10.938( 21.145),  Prec@5: 42.188( 47.617)
Epoch:[  2][ 280/1344],  lr:0.00500,  BatchTime:  2.60(  2.68),  DataTime:  1.28(  1.38),  Loss:  3.666(  3.484),  Prec@1: 14.062( 21.252),  Prec@5: 42.188( 47.692)
Epoch:[  2][ 300/1344],  lr:0.00500,  BatchTime:  2.62(  2.67),  DataTime:  1.28(  1.37),  Loss:  3.142(  3.481),  Prec@1: 25.000( 21.371),  Prec@5: 51.562( 47.851)
Epoch:[  2][ 320/1344],  lr:0.00500,  BatchTime:  2.56(  2.67),  DataTime:  1.29(  1.37),  Loss:  3.380(  3.476),  Prec@1: 25.000( 21.340),  Prec@5: 53.125( 47.941)
Epoch:[  2][ 340/1344],  lr:0.00500,  BatchTime:  2.60(  2.66),  DataTime:  1.28(  1.36),  Loss:  3.368(  3.473),  Prec@1: 15.625( 21.343),  Prec@5: 56.250( 48.034)
Epoch:[  2][ 360/1344],  lr:0.00500,  BatchTime:  2.60(  2.66),  DataTime:  1.28(  1.36),  Loss:  3.649(  3.466),  Prec@1: 15.625( 21.442),  Prec@5: 42.188( 48.199)
Epoch:[  2][ 380/1344],  lr:0.00500,  BatchTime:  2.56(  2.66),  DataTime:  1.28(  1.35),  Loss:  3.269(  3.462),  Prec@1: 23.438( 21.481),  Prec@5: 59.375( 48.327)
Epoch:[  2][ 400/1344],  lr:0.00500,  BatchTime:  2.55(  2.65),  DataTime:  1.27(  1.35),  Loss:  3.415(  3.464),  Prec@1: 18.750( 21.407),  Prec@5: 48.438( 48.297)
Epoch:[  2][ 420/1344],  lr:0.00500,  BatchTime:  2.62(  2.65),  DataTime:  1.29(  1.35),  Loss:  3.441(  3.465),  Prec@1: 21.875( 21.441),  Prec@5: 48.438( 48.345)
Epoch:[  2][ 440/1344],  lr:0.00500,  BatchTime:  2.55(  2.65),  DataTime:  1.28(  1.34),  Loss:  3.476(  3.462),  Prec@1: 25.000( 21.592),  Prec@5: 48.438( 48.406)
Epoch:[  2][ 460/1344],  lr:0.00500,  BatchTime:  2.55(  2.64),  DataTime:  1.28(  1.34),  Loss:  3.559(  3.457),  Prec@1: 23.438( 21.692),  Prec@5: 45.312( 48.478)
Epoch:[  2][ 480/1344],  lr:0.00500,  BatchTime:  2.55(  2.64),  DataTime:  1.28(  1.34),  Loss:  3.175(  3.453),  Prec@1: 23.438( 21.778),  Prec@5: 57.812( 48.548)
Epoch:[  2][ 500/1344],  lr:0.00500,  BatchTime:  2.86(  2.64),  DataTime:  1.28(  1.34),  Loss:  3.460(  3.447),  Prec@1: 18.750( 21.850),  Prec@5: 56.250( 48.659)
Epoch:[  2][ 520/1344],  lr:0.00500,  BatchTime:  2.56(  2.64),  DataTime:  1.28(  1.33),  Loss:  3.640(  3.444),  Prec@1: 18.750( 21.914),  Prec@5: 48.438( 48.677)
Epoch:[  2][ 540/1344],  lr:0.00500,  BatchTime:  2.55(  2.63),  DataTime:  1.28(  1.33),  Loss:  3.439(  3.439),  Prec@1: 21.875( 21.962),  Prec@5: 46.875( 48.836)
Epoch:[  2][ 560/1344],  lr:0.00500,  BatchTime:  2.54(  2.63),  DataTime:  1.28(  1.33),  Loss:  3.229(  3.430),  Prec@1: 20.312( 22.073),  Prec@5: 51.562( 49.034)
Epoch:[  2][ 580/1344],  lr:0.00500,  BatchTime:  2.85(  2.63),  DataTime:  1.27(  1.33),  Loss:  3.263(  3.428),  Prec@1: 28.125( 22.055),  Prec@5: 46.875( 49.037)
Epoch:[  2][ 600/1344],  lr:0.00500,  BatchTime:  2.55(  2.63),  DataTime:  1.29(  1.33),  Loss:  3.519(  3.426),  Prec@1: 21.875( 22.106),  Prec@5: 48.438( 49.137)
Epoch:[  2][ 620/1344],  lr:0.00500,  BatchTime:  2.61(  2.63),  DataTime:  1.28(  1.33),  Loss:  3.561(  3.429),  Prec@1: 17.188( 22.046),  Prec@5: 50.000( 49.129)
Epoch:[  2][ 640/1344],  lr:0.00500,  BatchTime:  2.57(  2.62),  DataTime:  1.28(  1.32),  Loss:  3.088(  3.425),  Prec@1: 26.562( 22.085),  Prec@5: 60.938( 49.232)
Epoch:[  2][ 660/1344],  lr:0.00500,  BatchTime:  2.84(  2.62),  DataTime:  1.29(  1.32),  Loss:  3.151(  3.424),  Prec@1: 21.875( 22.111),  Prec@5: 60.938( 49.234)
Epoch:[  2][ 680/1344],  lr:0.00500,  BatchTime:  2.56(  2.62),  DataTime:  1.28(  1.32),  Loss:  3.225(  3.419),  Prec@1: 28.125( 22.231),  Prec@5: 53.125( 49.408)
Epoch:[  2][ 700/1344],  lr:0.00500,  BatchTime:  2.61(  2.62),  DataTime:  1.29(  1.32),  Loss:  3.660(  3.416),  Prec@1: 17.188( 22.261),  Prec@5: 35.938( 49.463)
Epoch:[  2][ 720/1344],  lr:0.00500,  BatchTime:  2.57(  2.62),  DataTime:  1.29(  1.32),  Loss:  3.628(  3.414),  Prec@1: 15.625( 22.241),  Prec@5: 42.188( 49.504)
Epoch:[  2][ 740/1344],  lr:0.00500,  BatchTime:  2.55(  2.62),  DataTime:  1.28(  1.32),  Loss:  3.103(  3.411),  Prec@1: 29.688( 22.301),  Prec@5: 62.500( 49.566)
Epoch:[  2][ 760/1344],  lr:0.00500,  BatchTime:  2.60(  2.62),  DataTime:  1.28(  1.32),  Loss:  3.502(  3.409),  Prec@1: 20.312( 22.327),  Prec@5: 46.875( 49.639)
Epoch:[  2][ 780/1344],  lr:0.00500,  BatchTime:  2.62(  2.62),  DataTime:  1.30(  1.32),  Loss:  3.211(  3.408),  Prec@1: 23.438( 22.343),  Prec@5: 50.000( 49.642)
Epoch:[  2][ 800/1344],  lr:0.00500,  BatchTime:  2.56(  2.62),  DataTime:  1.29(  1.32),  Loss:  3.007(  3.404),  Prec@1: 28.125( 22.394),  Prec@5: 57.812( 49.696)
Epoch:[  2][ 820/1344],  lr:0.00500,  BatchTime:  2.90(  2.61),  DataTime:  1.29(  1.32),  Loss:  3.235(  3.403),  Prec@1: 21.875( 22.406),  Prec@5: 62.500( 49.760)
Epoch:[  2][ 840/1344],  lr:0.00500,  BatchTime:  2.62(  2.61),  DataTime:  1.29(  1.31),  Loss:  3.517(  3.399),  Prec@1: 25.000( 22.484),  Prec@5: 46.875( 49.833)
Epoch:[  2][ 860/1344],  lr:0.00500,  BatchTime:  2.54(  2.61),  DataTime:  1.28(  1.31),  Loss:  3.468(  3.398),  Prec@1: 17.188( 22.546),  Prec@5: 46.875( 49.842)
Epoch:[  2][ 880/1344],  lr:0.00500,  BatchTime:  2.54(  2.61),  DataTime:  1.28(  1.31),  Loss:  3.338(  3.395),  Prec@1: 28.125( 22.622),  Prec@5: 60.938( 49.911)
Epoch:[  2][ 900/1344],  lr:0.00500,  BatchTime:  2.55(  2.61),  DataTime:  1.28(  1.31),  Loss:  2.762(  3.392),  Prec@1: 28.125( 22.659),  Prec@5: 57.812( 49.995)
Epoch:[  2][ 920/1344],  lr:0.00500,  BatchTime:  2.56(  2.61),  DataTime:  1.29(  1.31),  Loss:  2.979(  3.391),  Prec@1: 39.062( 22.723),  Prec@5: 65.625( 50.054)
Epoch:[  2][ 940/1344],  lr:0.00500,  BatchTime:  2.56(  2.61),  DataTime:  1.28(  1.31),  Loss:  3.151(  3.389),  Prec@1: 28.125( 22.785),  Prec@5: 56.250( 50.115)
Epoch:[  2][ 960/1344],  lr:0.00500,  BatchTime:  2.57(  2.61),  DataTime:  1.28(  1.31),  Loss:  2.855(  3.386),  Prec@1: 39.062( 22.831),  Prec@5: 65.625( 50.161)
Epoch:[  2][ 980/1344],  lr:0.00500,  BatchTime:  2.55(  2.61),  DataTime:  1.28(  1.31),  Loss:  3.181(  3.384),  Prec@1: 25.000( 22.912),  Prec@5: 54.688( 50.190)
Epoch:[  2][1000/1344],  lr:0.00500,  BatchTime:  2.57(  2.61),  DataTime:  1.28(  1.31),  Loss:  2.743(  3.379),  Prec@1: 29.688( 22.990),  Prec@5: 68.750( 50.303)
Epoch:[  2][1020/1344],  lr:0.00500,  BatchTime:  2.61(  2.61),  DataTime:  1.29(  1.31),  Loss:  3.119(  3.376),  Prec@1: 21.875( 23.058),  Prec@5: 56.250( 50.404)
Epoch:[  2][1040/1344],  lr:0.00500,  BatchTime:  2.56(  2.61),  DataTime:  1.28(  1.31),  Loss:  3.269(  3.373),  Prec@1: 23.438( 23.095),  Prec@5: 51.562( 50.435)
Epoch:[  2][1060/1344],  lr:0.00500,  BatchTime:  2.62(  2.61),  DataTime:  1.29(  1.31),  Loss:  3.463(  3.370),  Prec@1: 20.312( 23.153),  Prec@5: 48.438( 50.490)
Epoch:[  2][1080/1344],  lr:0.00500,  BatchTime:  2.54(  2.61),  DataTime:  1.28(  1.31),  Loss:  3.121(  3.368),  Prec@1: 26.562( 23.212),  Prec@5: 59.375( 50.574)
Epoch:[  2][1100/1344],  lr:0.00500,  BatchTime:  2.60(  2.61),  DataTime:  1.28(  1.31),  Loss:  2.965(  3.364),  Prec@1: 25.000( 23.287),  Prec@5: 59.375( 50.651)
Epoch:[  2][1120/1344],  lr:0.00500,  BatchTime:  2.55(  2.61),  DataTime:  1.28(  1.31),  Loss:  2.876(  3.361),  Prec@1: 26.562( 23.339),  Prec@5: 60.938( 50.718)
Epoch:[  2][1140/1344],  lr:0.00500,  BatchTime:  2.57(  2.61),  DataTime:  1.28(  1.31),  Loss:  3.144(  3.357),  Prec@1: 25.000( 23.407),  Prec@5: 57.812( 50.816)
Epoch:[  2][1160/1344],  lr:0.00500,  BatchTime:  2.55(  2.61),  DataTime:  1.28(  1.31),  Loss:  3.301(  3.355),  Prec@1: 35.938( 23.448),  Prec@5: 54.688( 50.872)
Epoch:[  2][1180/1344],  lr:0.00500,  BatchTime:  2.54(  2.60),  DataTime:  1.27(  1.31),  Loss:  3.466(  3.352),  Prec@1: 25.000( 23.529),  Prec@5: 50.000( 50.946)
Epoch:[  2][1200/1344],  lr:0.00500,  BatchTime:  2.60(  2.60),  DataTime:  1.28(  1.30),  Loss:  3.287(  3.351),  Prec@1: 26.562( 23.539),  Prec@5: 51.562( 50.961)
Epoch:[  2][1220/1344],  lr:0.00500,  BatchTime:  2.55(  2.60),  DataTime:  1.28(  1.30),  Loss:  2.921(  3.348),  Prec@1: 26.562( 23.596),  Prec@5: 60.938( 51.042)
Epoch:[  2][1240/1344],  lr:0.00500,  BatchTime:  2.55(  2.60),  DataTime:  1.28(  1.30),  Loss:  3.646(  3.344),  Prec@1: 20.312( 23.658),  Prec@5: 43.750( 51.150)
Epoch:[  2][1260/1344],  lr:0.00500,  BatchTime:  2.55(  2.60),  DataTime:  1.28(  1.30),  Loss:  2.953(  3.342),  Prec@1: 31.250( 23.675),  Prec@5: 62.500( 51.228)
Epoch:[  2][1280/1344],  lr:0.00500,  BatchTime:  2.55(  2.60),  DataTime:  1.28(  1.30),  Loss:  2.864(  3.339),  Prec@1: 31.250( 23.763),  Prec@5: 54.688( 51.284)
Epoch:[  2][1300/1344],  lr:0.00500,  BatchTime:  2.55(  2.60),  DataTime:  1.29(  1.30),  Loss:  3.124(  3.334),  Prec@1: 25.000( 23.846),  Prec@5: 53.125( 51.387)
Epoch:[  2][1320/1344],  lr:0.00500,  BatchTime:  2.55(  2.60),  DataTime:  1.28(  1.30),  Loss:  3.340(  3.332),  Prec@1: 18.750( 23.900),  Prec@5: 50.000( 51.422)
Epoch:[  2][1340/1344],  lr:0.00500,  BatchTime:  2.55(  2.60),  DataTime:  1.28(  1.30),  Loss:  3.174(  3.329),  Prec@1: 25.000( 23.993),  Prec@5: 48.438( 51.481)
Freezing BatchNorm2D except the first one.
Validation:[   0/ 181],  BatchTime: 32.03( 32.03),  DataTime: 29.41( 29.41),  Loss:  2.978(  2.978),  Prec@1: 29.688( 29.688),  Prec@5: 67.188( 67.188)
Validation:[  20/ 181],  BatchTime:  0.74(  2.27),  DataTime:  0.04(  1.44),  Loss:  3.389(  3.586),  Prec@1: 18.750( 18.973),  Prec@5: 53.125( 46.875)
Validation:[  40/ 181],  BatchTime:  0.75(  1.53),  DataTime:  0.04(  0.76),  Loss:  3.548(  3.484),  Prec@1: 17.188( 19.855),  Prec@5: 42.188( 48.704)
Validation:[  60/ 181],  BatchTime:  0.74(  1.28),  DataTime:  0.04(  0.52),  Loss:  3.627(  3.522),  Prec@1: 15.625( 19.518),  Prec@5: 51.562( 48.386)
Validation:[  80/ 181],  BatchTime:  0.97(  1.15),  DataTime:  0.04(  0.40),  Loss:  3.580(  3.527),  Prec@1: 18.750( 20.081),  Prec@5: 43.750( 47.917)
Validation:[ 100/ 181],  BatchTime:  0.74(  1.07),  DataTime:  0.04(  0.33),  Loss:  3.514(  3.507),  Prec@1: 20.312( 20.390),  Prec@5: 43.750( 48.252)
Validation:[ 120/ 181],  BatchTime:  0.74(  1.02),  DataTime:  0.03(  0.28),  Loss:  2.920(  3.501),  Prec@1: 31.250( 20.739),  Prec@5: 64.062( 48.140)
Validation:[ 140/ 181],  BatchTime:  0.75(  0.98),  DataTime:  0.04(  0.25),  Loss:  3.197(  3.504),  Prec@1: 28.125( 20.567),  Prec@5: 59.375( 47.928)
Validation:[ 160/ 181],  BatchTime:  0.75(  0.95),  DataTime:  0.04(  0.22),  Loss:  3.674(  3.489),  Prec@1: 17.188( 20.730),  Prec@5: 42.188( 48.370)
Validation:[ 180/ 181],  BatchTime:  0.10(  0.93),  DataTime:  0.00(  0.20),  Loss:  3.018(  3.504),  Prec@1:  0.000( 20.430),  Prec@5: 50.000( 47.882)
Results:
Prec@1 20.430 Prec@5 47.882 Loss 3.504
Best Prec@1: 20.430

Freezing BatchNorm2D except the first one.
Epoch:[  3][   0/1344],  lr:0.00500,  BatchTime: 28.98( 28.98),  DataTime: 26.77( 26.77),  Loss:  3.197(  3.197),  Prec@1: 28.125( 28.125),  Prec@5: 51.562( 51.562)
Epoch:[  3][  20/1344],  lr:0.00500,  BatchTime:  2.91(  3.85),  DataTime:  1.29(  2.49),  Loss:  2.448(  3.024),  Prec@1: 28.125( 29.539),  Prec@5: 76.562( 57.812)
Epoch:[  3][  40/1344],  lr:0.00500,  BatchTime:  2.56(  3.23),  DataTime:  1.29(  1.90),  Loss:  2.920(  3.018),  Prec@1: 32.812( 28.620),  Prec@5: 62.500( 57.965)
Epoch:[  3][  60/1344],  lr:0.00500,  BatchTime:  2.62(  3.02),  DataTime:  1.29(  1.70),  Loss:  2.970(  3.037),  Prec@1: 25.000( 28.484),  Prec@5: 60.938( 58.017)
Epoch:[  3][  80/1344],  lr:0.00500,  BatchTime:  2.56(  2.91),  DataTime:  1.29(  1.60),  Loss:  2.994(  3.043),  Prec@1: 29.688( 28.974),  Prec@5: 53.125( 57.253)
Epoch:[  3][ 100/1344],  lr:0.00500,  BatchTime:  2.56(  2.85),  DataTime:  1.28(  1.53),  Loss:  3.187(  3.043),  Prec@1: 31.250( 28.929),  Prec@5: 56.250( 57.611)
Epoch:[  3][ 120/1344],  lr:0.00500,  BatchTime:  2.60(  2.80),  DataTime:  1.28(  1.49),  Loss:  3.229(  3.048),  Prec@1: 23.438( 28.926),  Prec@5: 56.250( 57.541)
Epoch:[  3][ 140/1344],  lr:0.00500,  BatchTime:  2.55(  2.77),  DataTime:  1.28(  1.46),  Loss:  2.738(  3.039),  Prec@1: 35.938( 29.156),  Prec@5: 64.062( 57.801)
Epoch:[  3][ 160/1344],  lr:0.00500,  BatchTime:  2.60(  2.75),  DataTime:  1.28(  1.44),  Loss:  3.419(  3.050),  Prec@1: 23.438( 28.756),  Prec@5: 59.375( 57.570)
Epoch:[  3][ 180/1344],  lr:0.00500,  BatchTime:  2.60(  2.73),  DataTime:  1.28(  1.42),  Loss:  3.183(  3.058),  Prec@1: 35.938( 28.781),  Prec@5: 59.375( 57.390)
Epoch:[  3][ 200/1344],  lr:0.00500,  BatchTime:  2.56(  2.72),  DataTime:  1.29(  1.41),  Loss:  3.472(  3.065),  Prec@1: 18.750( 28.607),  Prec@5: 53.125( 57.362)
Epoch:[  3][ 220/1344],  lr:0.00500,  BatchTime:  2.57(  2.71),  DataTime:  1.28(  1.40),  Loss:  3.450(  3.065),  Prec@1: 21.875( 28.521),  Prec@5: 48.438( 57.360)
Epoch:[  3][ 240/1344],  lr:0.00500,  BatchTime:  2.61(  2.70),  DataTime:  1.29(  1.39),  Loss:  3.375(  3.064),  Prec@1: 28.125( 28.553),  Prec@5: 53.125( 57.436)
Epoch:[  3][ 260/1344],  lr:0.00500,  BatchTime:  2.55(  2.69),  DataTime:  1.28(  1.38),  Loss:  2.826(  3.067),  Prec@1: 26.562( 28.418),  Prec@5: 62.500( 57.435)
Epoch:[  3][ 280/1344],  lr:0.00500,  BatchTime:  2.61(  2.68),  DataTime:  1.29(  1.37),  Loss:  3.178(  3.068),  Prec@1: 23.438( 28.397),  Prec@5: 53.125( 57.368)
Epoch:[  3][ 300/1344],  lr:0.00500,  BatchTime:  2.56(  2.67),  DataTime:  1.29(  1.37),  Loss:  3.173(  3.063),  Prec@1: 28.125( 28.447),  Prec@5: 57.812( 57.454)
Epoch:[  3][ 320/1344],  lr:0.00500,  BatchTime:  2.56(  2.67),  DataTime:  1.29(  1.36),  Loss:  3.323(  3.067),  Prec@1: 31.250( 28.354),  Prec@5: 53.125( 57.365)
Epoch:[  3][ 340/1344],  lr:0.00500,  BatchTime:  2.57(  2.66),  DataTime:  1.30(  1.36),  Loss:  3.063(  3.070),  Prec@1: 20.312( 28.262),  Prec@5: 59.375( 57.304)
Epoch:[  3][ 360/1344],  lr:0.00500,  BatchTime:  2.61(  2.66),  DataTime:  1.28(  1.35),  Loss:  3.206(  3.075),  Prec@1: 23.438( 28.177),  Prec@5: 56.250( 57.163)
Epoch:[  3][ 380/1344],  lr:0.00500,  BatchTime:  2.55(  2.66),  DataTime:  1.28(  1.35),  Loss:  3.291(  3.076),  Prec@1: 26.562( 28.256),  Prec@5: 57.812( 57.107)
Epoch:[  3][ 400/1344],  lr:0.00500,  BatchTime:  2.55(  2.65),  DataTime:  1.28(  1.35),  Loss:  3.559(  3.075),  Prec@1: 23.438( 28.254),  Prec@5: 45.312( 57.041)
Epoch:[  3][ 420/1344],  lr:0.00500,  BatchTime:  2.61(  2.65),  DataTime:  1.28(  1.34),  Loss:  3.254(  3.070),  Prec@1: 25.000( 28.392),  Prec@5: 54.688( 57.141)
Epoch:[  3][ 440/1344],  lr:0.00500,  BatchTime:  2.54(  2.65),  DataTime:  1.28(  1.34),  Loss:  2.688(  3.067),  Prec@1: 34.375( 28.476),  Prec@5: 60.938( 57.171)
Epoch:[  3][ 460/1344],  lr:0.00500,  BatchTime:  2.61(  2.64),  DataTime:  1.28(  1.34),  Loss:  2.934(  3.069),  Prec@1: 29.688( 28.511),  Prec@5: 68.750( 57.155)
Epoch:[  3][ 480/1344],  lr:0.00500,  BatchTime:  2.60(  2.64),  DataTime:  1.27(  1.34),  Loss:  3.018(  3.067),  Prec@1: 29.688( 28.479),  Prec@5: 51.562( 57.166)
Epoch:[  3][ 500/1344],  lr:0.00500,  BatchTime:  2.55(  2.64),  DataTime:  1.28(  1.33),  Loss:  3.595(  3.064),  Prec@1: 20.312( 28.509),  Prec@5: 45.312( 57.264)
Epoch:[  3][ 520/1344],  lr:0.00500,  BatchTime:  2.61(  2.64),  DataTime:  1.28(  1.33),  Loss:  3.107(  3.067),  Prec@1: 31.250( 28.497),  Prec@5: 53.125( 57.201)
Epoch:[  3][ 540/1344],  lr:0.00500,  BatchTime:  2.55(  2.63),  DataTime:  1.29(  1.33),  Loss:  3.438(  3.066),  Prec@1: 18.750( 28.544),  Prec@5: 40.625( 57.209)
Epoch:[  3][ 560/1344],  lr:0.00500,  BatchTime:  2.55(  2.63),  DataTime:  1.28(  1.33),  Loss:  3.038(  3.063),  Prec@1: 21.875( 28.573),  Prec@5: 57.812( 57.300)
Epoch:[  3][ 580/1344],  lr:0.00500,  BatchTime:  2.55(  2.63),  DataTime:  1.28(  1.33),  Loss:  2.941(  3.058),  Prec@1: 21.875( 28.614),  Prec@5: 59.375( 57.396)
Epoch:[  3][ 600/1344],  lr:0.00500,  BatchTime:  2.55(  2.63),  DataTime:  1.28(  1.32),  Loss:  2.662(  3.058),  Prec@1: 37.500( 28.619),  Prec@5: 64.062( 57.402)
Epoch:[  3][ 620/1344],  lr:0.00500,  BatchTime:  2.60(  2.63),  DataTime:  1.28(  1.32),  Loss:  2.756(  3.055),  Prec@1: 32.812( 28.681),  Prec@5: 60.938( 57.425)
Epoch:[  3][ 640/1344],  lr:0.00500,  BatchTime:  2.61(  2.63),  DataTime:  1.29(  1.32),  Loss:  3.069(  3.054),  Prec@1: 26.562( 28.703),  Prec@5: 59.375( 57.459)
Epoch:[  3][ 660/1344],  lr:0.00500,  BatchTime:  2.55(  2.62),  DataTime:  1.28(  1.32),  Loss:  3.139(  3.052),  Prec@1: 29.688( 28.789),  Prec@5: 48.438( 57.470)
Epoch:[  3][ 680/1344],  lr:0.00500,  BatchTime:  2.55(  2.62),  DataTime:  1.28(  1.32),  Loss:  2.959(  3.051),  Prec@1: 26.562( 28.811),  Prec@5: 64.062( 57.510)
Epoch:[  3][ 700/1344],  lr:0.00500,  BatchTime:  2.55(  2.62),  DataTime:  1.28(  1.32),  Loss:  2.857(  3.046),  Prec@1: 35.938( 28.932),  Prec@5: 60.938( 57.605)
Epoch:[  3][ 720/1344],  lr:0.00500,  BatchTime:  2.56(  2.62),  DataTime:  1.28(  1.32),  Loss:  2.915(  3.041),  Prec@1: 31.250( 29.044),  Prec@5: 56.250( 57.700)
Epoch:[  3][ 740/1344],  lr:0.00500,  BatchTime:  2.54(  2.62),  DataTime:  1.28(  1.32),  Loss:  3.013(  3.039),  Prec@1: 25.000( 28.990),  Prec@5: 59.375( 57.722)
Epoch:[  3][ 760/1344],  lr:0.00500,  BatchTime:  2.55(  2.62),  DataTime:  1.28(  1.32),  Loss:  2.861(  3.037),  Prec@1: 31.250( 29.045),  Prec@5: 67.188( 57.737)
Epoch:[  3][ 780/1344],  lr:0.00500,  BatchTime:  2.56(  2.62),  DataTime:  1.28(  1.32),  Loss:  2.618(  3.037),  Prec@1: 34.375( 29.019),  Prec@5: 64.062( 57.714)
Epoch:[  3][ 800/1344],  lr:0.00500,  BatchTime:  2.61(  2.62),  DataTime:  1.28(  1.31),  Loss:  3.113(  3.039),  Prec@1: 31.250( 29.042),  Prec@5: 48.438( 57.705)
Epoch:[  3][ 820/1344],  lr:0.00500,  BatchTime:  2.61(  2.62),  DataTime:  1.29(  1.31),  Loss:  2.794(  3.038),  Prec@1: 39.062( 29.080),  Prec@5: 64.062( 57.742)
Epoch:[  3][ 840/1344],  lr:0.00500,  BatchTime:  2.55(  2.62),  DataTime:  1.28(  1.31),  Loss:  3.059(  3.034),  Prec@1: 25.000( 29.164),  Prec@5: 57.812( 57.796)
Epoch:[  3][ 860/1344],  lr:0.00500,  BatchTime:  2.60(  2.62),  DataTime:  1.28(  1.31),  Loss:  3.224(  3.032),  Prec@1: 28.125( 29.156),  Prec@5: 50.000( 57.845)
Epoch:[  3][ 880/1344],  lr:0.00500,  BatchTime:  2.56(  2.61),  DataTime:  1.28(  1.31),  Loss:  3.298(  3.029),  Prec@1: 31.250( 29.209),  Prec@5: 54.688( 57.905)
Epoch:[  3][ 900/1344],  lr:0.00500,  BatchTime:  2.55(  2.61),  DataTime:  1.28(  1.31),  Loss:  2.658(  3.029),  Prec@1: 32.812( 29.224),  Prec@5: 65.625( 57.915)
Epoch:[  3][ 920/1344],  lr:0.00500,  BatchTime:  2.60(  2.61),  DataTime:  1.28(  1.31),  Loss:  3.095(  3.028),  Prec@1: 26.562( 29.236),  Prec@5: 53.125( 57.945)
Epoch:[  3][ 940/1344],  lr:0.00500,  BatchTime:  2.61(  2.61),  DataTime:  1.29(  1.31),  Loss:  3.178(  3.026),  Prec@1: 28.125( 29.314),  Prec@5: 60.938( 57.965)
Epoch:[  3][ 960/1344],  lr:0.00500,  BatchTime:  2.62(  2.61),  DataTime:  1.28(  1.31),  Loss:  2.779(  3.024),  Prec@1: 37.500( 29.367),  Prec@5: 53.125( 58.006)
Epoch:[  3][ 980/1344],  lr:0.00500,  BatchTime:  2.61(  2.61),  DataTime:  1.29(  1.31),  Loss:  3.484(  3.023),  Prec@1: 12.500( 29.407),  Prec@5: 43.750( 58.053)
Epoch:[  3][1000/1344],  lr:0.00500,  BatchTime:  2.64(  2.61),  DataTime:  1.28(  1.31),  Loss:  2.601(  3.020),  Prec@1: 45.312( 29.452),  Prec@5: 64.062( 58.087)
Epoch:[  3][1020/1344],  lr:0.00500,  BatchTime:  2.63(  2.61),  DataTime:  1.29(  1.31),  Loss:  2.892(  3.017),  Prec@1: 39.062( 29.521),  Prec@5: 56.250( 58.163)
Epoch:[  3][1040/1344],  lr:0.00500,  BatchTime:  2.59(  2.61),  DataTime:  1.28(  1.31),  Loss:  3.185(  3.015),  Prec@1: 26.562( 29.569),  Prec@5: 51.562( 58.179)
Epoch:[  3][1060/1344],  lr:0.00500,  BatchTime:  2.62(  2.61),  DataTime:  1.28(  1.31),  Loss:  2.554(  3.014),  Prec@1: 42.188( 29.624),  Prec@5: 60.938( 58.207)
Epoch:[  3][1080/1344],  lr:0.00500,  BatchTime:  2.56(  2.61),  DataTime:  1.28(  1.31),  Loss:  2.709(  3.013),  Prec@1: 32.812( 29.633),  Prec@5: 59.375( 58.185)
Epoch:[  3][1100/1344],  lr:0.00500,  BatchTime:  2.61(  2.61),  DataTime:  1.28(  1.31),  Loss:  2.769(  3.013),  Prec@1: 34.375( 29.675),  Prec@5: 65.625( 58.207)
Epoch:[  3][1120/1344],  lr:0.00500,  BatchTime:  2.56(  2.61),  DataTime:  1.29(  1.30),  Loss:  2.839(  3.012),  Prec@1: 31.250( 29.701),  Prec@5: 62.500( 58.236)
Epoch:[  3][1140/1344],  lr:0.00500,  BatchTime:  2.55(  2.61),  DataTime:  1.28(  1.30),  Loss:  2.702(  3.010),  Prec@1: 39.062( 29.698),  Prec@5: 60.938( 58.251)
Epoch:[  3][1160/1344],  lr:0.00500,  BatchTime:  2.61(  2.61),  DataTime:  1.28(  1.30),  Loss:  2.714(  3.008),  Prec@1: 39.062( 29.760),  Prec@5: 54.688( 58.284)
Epoch:[  3][1180/1344],  lr:0.00500,  BatchTime:  2.55(  2.61),  DataTime:  1.28(  1.30),  Loss:  2.869(  3.006),  Prec@1: 39.062( 29.826),  Prec@5: 68.750( 58.332)
Epoch:[  3][1200/1344],  lr:0.00500,  BatchTime:  2.61(  2.61),  DataTime:  1.28(  1.30),  Loss:  3.521(  3.007),  Prec@1: 21.875( 29.849),  Prec@5: 43.750( 58.320)
Epoch:[  3][1220/1344],  lr:0.00500,  BatchTime:  2.81(  2.61),  DataTime:  1.28(  1.30),  Loss:  2.866(  3.004),  Prec@1: 31.250( 29.927),  Prec@5: 57.812( 58.359)
Epoch:[  3][1240/1344],  lr:0.00500,  BatchTime:  2.54(  2.61),  DataTime:  1.28(  1.30),  Loss:  2.820(  3.003),  Prec@1: 45.312( 29.992),  Prec@5: 67.188( 58.385)
Epoch:[  3][1260/1344],  lr:0.00500,  BatchTime:  2.60(  2.61),  DataTime:  1.28(  1.30),  Loss:  2.604(  3.002),  Prec@1: 39.062( 30.033),  Prec@5: 65.625( 58.406)
Epoch:[  3][1280/1344],  lr:0.00500,  BatchTime:  2.55(  2.61),  DataTime:  1.28(  1.30),  Loss:  2.777(  3.001),  Prec@1: 39.062( 30.046),  Prec@5: 60.938( 58.425)
Epoch:[  3][1300/1344],  lr:0.00500,  BatchTime:  2.61(  2.60),  DataTime:  1.28(  1.30),  Loss:  2.555(  2.998),  Prec@1: 43.750( 30.092),  Prec@5: 62.500( 58.465)
Epoch:[  3][1320/1344],  lr:0.00500,  BatchTime:  2.55(  2.60),  DataTime:  1.28(  1.30),  Loss:  3.495(  2.995),  Prec@1: 28.125( 30.118),  Prec@5: 46.875( 58.510)
Epoch:[  3][1340/1344],  lr:0.00500,  BatchTime:  2.62(  2.60),  DataTime:  1.29(  1.30),  Loss:  2.832(  2.993),  Prec@1: 31.250( 30.138),  Prec@5: 60.938( 58.544)
Freezing BatchNorm2D except the first one.
Validation:[   0/ 181],  BatchTime: 32.71( 32.71),  DataTime: 30.56( 30.56),  Loss:  2.981(  2.981),  Prec@1: 23.438( 23.438),  Prec@5: 65.625( 65.625)
Validation:[  20/ 181],  BatchTime:  0.74(  2.31),  DataTime:  0.04(  1.50),  Loss:  3.046(  3.463),  Prec@1: 25.000( 22.024),  Prec@5: 51.562( 49.851)
Validation:[  40/ 181],  BatchTime:  0.74(  1.55),  DataTime:  0.04(  0.79),  Loss:  3.131(  3.380),  Prec@1: 28.125( 22.790),  Prec@5: 50.000( 51.105)
Validation:[  60/ 181],  BatchTime:  0.74(  1.29),  DataTime:  0.04(  0.54),  Loss:  3.985(  3.404),  Prec@1: 17.188( 23.181),  Prec@5: 42.188( 50.461)
Validation:[  80/ 181],  BatchTime:  0.75(  1.16),  DataTime:  0.04(  0.42),  Loss:  3.318(  3.420),  Prec@1: 29.688( 23.245),  Prec@5: 53.125( 50.482)
Validation:[ 100/ 181],  BatchTime:  0.74(  1.08),  DataTime:  0.04(  0.34),  Loss:  3.257(  3.388),  Prec@1: 20.312( 23.824),  Prec@5: 46.875( 51.346)
Validation:[ 120/ 181],  BatchTime:  0.73(  1.02),  DataTime:  0.03(  0.29),  Loss:  2.965(  3.391),  Prec@1: 26.562( 23.812),  Prec@5: 56.250( 51.291)
Validation:[ 140/ 181],  BatchTime:  0.74(  0.98),  DataTime:  0.04(  0.25),  Loss:  2.907(  3.381),  Prec@1: 28.125( 23.504),  Prec@5: 57.812( 51.330)
Validation:[ 160/ 181],  BatchTime:  0.74(  0.96),  DataTime:  0.04(  0.23),  Loss:  3.500(  3.366),  Prec@1: 14.062( 23.690),  Prec@5: 50.000( 51.465)
Validation:[ 180/ 181],  BatchTime:  0.10(  0.93),  DataTime:  0.00(  0.21),  Loss:  4.141(  3.381),  Prec@1:  0.000( 23.529),  Prec@5: 50.000( 51.076)
Results:
Prec@1 23.529 Prec@5 51.076 Loss 3.381
Best Prec@1: 23.529

Freezing BatchNorm2D except the first one.
Epoch:[  4][   0/1344],  lr:0.00500,  BatchTime: 27.09( 27.09),  DataTime: 24.17( 24.17),  Loss:  3.076(  3.076),  Prec@1: 29.688( 29.688),  Prec@5: 65.625( 65.625)
Epoch:[  4][  20/1344],  lr:0.00500,  BatchTime:  2.56(  3.87),  DataTime:  1.28(  2.47),  Loss:  2.590(  2.913),  Prec@1: 35.938( 32.068),  Prec@5: 68.750( 60.789)
Epoch:[  4][  40/1344],  lr:0.00500,  BatchTime:  2.55(  3.24),  DataTime:  1.28(  1.89),  Loss:  2.318(  2.790),  Prec@1: 42.188( 33.880),  Prec@5: 71.875( 63.186)
Epoch:[  4][  60/1344],  lr:0.00500,  BatchTime:  2.55(  3.02),  DataTime:  1.28(  1.69),  Loss:  2.644(  2.816),  Prec@1: 32.812( 33.530),  Prec@5: 62.500( 62.141)
Epoch:[  4][  80/1344],  lr:0.00500,  BatchTime:  2.61(  2.92),  DataTime:  1.29(  1.59),  Loss:  2.340(  2.797),  Prec@1: 45.312( 33.912),  Prec@5: 68.750( 62.558)
Epoch:[  4][ 100/1344],  lr:0.00500,  BatchTime:  2.60(  2.85),  DataTime:  1.28(  1.53),  Loss:  2.699(  2.766),  Prec@1: 35.938( 34.530),  Prec@5: 68.750( 63.227)
Epoch:[  4][ 120/1344],  lr:0.00500,  BatchTime:  2.55(  2.81),  DataTime:  1.28(  1.49),  Loss:  2.754(  2.781),  Prec@1: 35.938( 34.168),  Prec@5: 57.812( 63.055)
Epoch:[  4][ 140/1344],  lr:0.00500,  BatchTime:  2.59(  2.77),  DataTime:  1.27(  1.46),  Loss:  3.091(  2.795),  Prec@1: 28.125( 33.910),  Prec@5: 64.062( 62.832)
Epoch:[  4][ 160/1344],  lr:0.00500,  BatchTime:  2.56(  2.75),  DataTime:  1.28(  1.44),  Loss:  2.641(  2.796),  Prec@1: 25.000( 33.870),  Prec@5: 67.188( 62.752)
Epoch:[  4][ 180/1344],  lr:0.00500,  BatchTime:  2.55(  2.73),  DataTime:  1.27(  1.42),  Loss:  2.820(  2.805),  Prec@1: 37.500( 33.788),  Prec@5: 59.375( 62.629)
Epoch:[  4][ 200/1344],  lr:0.00500,  BatchTime:  2.59(  2.71),  DataTime:  1.27(  1.40),  Loss:  2.591(  2.801),  Prec@1: 42.188( 34.002),  Prec@5: 64.062( 62.617)
Epoch:[  4][ 220/1344],  lr:0.00500,  BatchTime:  2.62(  2.70),  DataTime:  1.28(  1.39),  Loss:  2.515(  2.806),  Prec@1: 39.062( 33.781),  Prec@5: 59.375( 62.535)
Epoch:[  4][ 240/1344],  lr:0.00500,  BatchTime:  2.55(  2.69),  DataTime:  1.28(  1.38),  Loss:  2.619(  2.798),  Prec@1: 32.812( 33.915),  Prec@5: 68.750( 62.623)
Epoch:[  4][ 260/1344],  lr:0.00500,  BatchTime:  2.56(  2.68),  DataTime:  1.29(  1.38),  Loss:  3.078(  2.804),  Prec@1: 31.250( 33.770),  Prec@5: 57.812( 62.620)
Epoch:[  4][ 280/1344],  lr:0.00500,  BatchTime:  2.56(  2.68),  DataTime:  1.28(  1.37),  Loss:  2.894(  2.803),  Prec@1: 37.500( 33.708),  Prec@5: 67.188( 62.745)
Epoch:[  4][ 300/1344],  lr:0.00500,  BatchTime:  2.79(  2.67),  DataTime:  1.27(  1.36),  Loss:  2.829(  2.801),  Prec@1: 34.375( 33.825),  Prec@5: 59.375( 62.708)
Epoch:[  4][ 320/1344],  lr:0.00500,  BatchTime:  2.62(  2.66),  DataTime:  1.28(  1.36),  Loss:  2.985(  2.802),  Prec@1: 37.500( 33.801),  Prec@5: 68.750( 62.816)
Epoch:[  4][ 340/1344],  lr:0.00500,  BatchTime:  2.61(  2.66),  DataTime:  1.28(  1.35),  Loss:  2.949(  2.805),  Prec@1: 37.500( 33.720),  Prec@5: 57.812( 62.674)
Epoch:[  4][ 360/1344],  lr:0.00500,  BatchTime:  2.55(  2.65),  DataTime:  1.28(  1.35),  Loss:  2.711(  2.801),  Prec@1: 37.500( 33.834),  Prec@5: 64.062( 62.682)
Epoch:[  4][ 380/1344],  lr:0.00500,  BatchTime:  2.54(  2.65),  DataTime:  1.27(  1.35),  Loss:  2.551(  2.801),  Prec@1: 42.188( 33.801),  Prec@5: 71.875( 62.689)
Epoch:[  4][ 400/1344],  lr:0.00500,  BatchTime:  2.56(  2.65),  DataTime:  1.28(  1.34),  Loss:  2.536(  2.800),  Prec@1: 45.312( 33.822),  Prec@5: 60.938( 62.742)
Epoch:[  4][ 420/1344],  lr:0.00500,  BatchTime:  2.55(  2.64),  DataTime:  1.27(  1.34),  Loss:  3.227(  2.799),  Prec@1: 32.812( 33.841),  Prec@5: 54.688( 62.778)
Epoch:[  4][ 440/1344],  lr:0.00500,  BatchTime:  2.55(  2.64),  DataTime:  1.27(  1.34),  Loss:  2.714(  2.797),  Prec@1: 34.375( 33.833),  Prec@5: 60.938( 62.851)
Epoch:[  4][ 460/1344],  lr:0.00500,  BatchTime:  2.54(  2.64),  DataTime:  1.28(  1.33),  Loss:  2.727(  2.798),  Prec@1: 35.938( 33.772),  Prec@5: 65.625( 62.771)
Epoch:[  4][ 480/1344],  lr:0.00500,  BatchTime:  2.54(  2.63),  DataTime:  1.28(  1.33),  Loss:  2.714(  2.796),  Prec@1: 35.938( 33.787),  Prec@5: 60.938( 62.831)
Epoch:[  4][ 500/1344],  lr:0.00500,  BatchTime:  2.81(  2.63),  DataTime:  1.28(  1.33),  Loss:  2.572(  2.798),  Prec@1: 37.500( 33.801),  Prec@5: 62.500( 62.852)
Epoch:[  4][ 520/1344],  lr:0.00500,  BatchTime:  2.60(  2.63),  DataTime:  1.28(  1.33),  Loss:  2.695(  2.796),  Prec@1: 45.312( 33.880),  Prec@5: 65.625( 62.863)
Epoch:[  4][ 540/1344],  lr:0.00500,  BatchTime:  2.55(  2.63),  DataTime:  1.28(  1.33),  Loss:  2.583(  2.796),  Prec@1: 34.375( 33.884),  Prec@5: 65.625( 62.893)
Epoch:[  4][ 560/1344],  lr:0.00500,  BatchTime:  2.56(  2.63),  DataTime:  1.28(  1.32),  Loss:  2.754(  2.793),  Prec@1: 35.938( 33.918),  Prec@5: 64.062( 62.937)
Epoch:[  4][ 580/1344],  lr:0.00500,  BatchTime:  2.55(  2.62),  DataTime:  1.28(  1.32),  Loss:  2.417(  2.788),  Prec@1: 45.312( 34.060),  Prec@5: 68.750( 63.024)
Epoch:[  4][ 600/1344],  lr:0.00500,  BatchTime:  2.54(  2.62),  DataTime:  1.27(  1.32),  Loss:  3.127(  2.787),  Prec@1: 34.375( 34.092),  Prec@5: 56.250( 63.023)
Epoch:[  4][ 620/1344],  lr:0.00500,  BatchTime:  2.55(  2.62),  DataTime:  1.28(  1.32),  Loss:  2.602(  2.786),  Prec@1: 32.812( 34.154),  Prec@5: 64.062( 63.033)
Epoch:[  4][ 640/1344],  lr:0.00500,  BatchTime:  2.55(  2.62),  DataTime:  1.28(  1.32),  Loss:  2.790(  2.787),  Prec@1: 35.938( 34.131),  Prec@5: 62.500( 63.036)
Epoch:[  4][ 660/1344],  lr:0.00500,  BatchTime:  2.57(  2.62),  DataTime:  1.28(  1.32),  Loss:  2.197(  2.788),  Prec@1: 46.875( 34.103),  Prec@5: 78.125( 63.011)
Epoch:[  4][ 680/1344],  lr:0.00500,  BatchTime:  2.54(  2.62),  DataTime:  1.27(  1.32),  Loss:  2.893(  2.790),  Prec@1: 25.000( 34.049),  Prec@5: 64.062( 62.996)
Epoch:[  4][ 700/1344],  lr:0.00500,  BatchTime:  2.61(  2.61),  DataTime:  1.28(  1.32),  Loss:  3.020(  2.789),  Prec@1: 31.250( 34.043),  Prec@5: 54.688( 62.981)
Epoch:[  4][ 720/1344],  lr:0.00500,  BatchTime:  2.54(  2.61),  DataTime:  1.28(  1.31),  Loss:  2.787(  2.791),  Prec@1: 35.938( 34.007),  Prec@5: 65.625( 62.929)
Epoch:[  4][ 740/1344],  lr:0.00500,  BatchTime:  2.55(  2.61),  DataTime:  1.29(  1.31),  Loss:  2.854(  2.792),  Prec@1: 34.375( 33.979),  Prec@5: 62.500( 62.922)
Epoch:[  4][ 760/1344],  lr:0.00500,  BatchTime:  2.86(  2.61),  DataTime:  1.29(  1.31),  Loss:  2.623(  2.792),  Prec@1: 42.188( 34.051),  Prec@5: 67.188( 62.900)
Epoch:[  4][ 780/1344],  lr:0.00500,  BatchTime:  2.55(  2.61),  DataTime:  1.29(  1.31),  Loss:  2.586(  2.791),  Prec@1: 53.125( 34.073),  Prec@5: 67.188( 62.912)
Epoch:[  4][ 800/1344],  lr:0.00500,  BatchTime:  2.56(  2.61),  DataTime:  1.29(  1.31),  Loss:  2.891(  2.790),  Prec@1: 31.250( 34.067),  Prec@5: 62.500( 62.937)
Epoch:[  4][ 820/1344],  lr:0.00500,  BatchTime:  2.55(  2.61),  DataTime:  1.29(  1.31),  Loss:  2.800(  2.788),  Prec@1: 35.938( 34.082),  Prec@5: 62.500( 63.004)
Epoch:[  4][ 840/1344],  lr:0.00500,  BatchTime:  2.55(  2.61),  DataTime:  1.28(  1.31),  Loss:  2.449(  2.785),  Prec@1: 39.062( 34.141),  Prec@5: 71.875( 63.091)
Epoch:[  4][ 860/1344],  lr:0.00500,  BatchTime:  2.56(  2.61),  DataTime:  1.29(  1.31),  Loss:  2.618(  2.785),  Prec@1: 39.062( 34.190),  Prec@5: 60.938( 63.075)
Epoch:[  4][ 880/1344],  lr:0.00500,  BatchTime:  2.62(  2.61),  DataTime:  1.28(  1.31),  Loss:  2.706(  2.786),  Prec@1: 32.812( 34.182),  Prec@5: 67.188( 63.083)
Epoch:[  4][ 900/1344],  lr:0.00500,  BatchTime:  2.64(  2.61),  DataTime:  1.29(  1.31),  Loss:  3.083(  2.784),  Prec@1: 31.250( 34.233),  Prec@5: 48.438( 63.084)
Epoch:[  4][ 920/1344],  lr:0.00500,  BatchTime:  2.60(  2.60),  DataTime:  1.28(  1.31),  Loss:  2.403(  2.785),  Prec@1: 43.750( 34.232),  Prec@5: 65.625( 63.089)
Epoch:[  4][ 940/1344],  lr:0.00500,  BatchTime:  2.57(  2.60),  DataTime:  1.29(  1.31),  Loss:  2.924(  2.786),  Prec@1: 31.250( 34.254),  Prec@5: 60.938( 63.080)
Epoch:[  4][ 960/1344],  lr:0.00500,  BatchTime:  2.61(  2.60),  DataTime:  1.28(  1.31),  Loss:  3.250(  2.785),  Prec@1: 31.250( 34.276),  Prec@5: 54.688( 63.077)
Epoch:[  4][ 980/1344],  lr:0.00500,  BatchTime:  2.57(  2.60),  DataTime:  1.28(  1.31),  Loss:  2.861(  2.785),  Prec@1: 29.688( 34.268),  Prec@5: 56.250( 63.075)
Epoch:[  4][1000/1344],  lr:0.00500,  BatchTime:  2.62(  2.60),  DataTime:  1.28(  1.31),  Loss:  3.228(  2.784),  Prec@1: 34.375( 34.323),  Prec@5: 60.938( 63.095)
Epoch:[  4][1020/1344],  lr:0.00500,  BatchTime:  2.56(  2.60),  DataTime:  1.28(  1.30),  Loss:  2.874(  2.782),  Prec@1: 31.250( 34.375),  Prec@5: 64.062( 63.141)
Epoch:[  4][1040/1344],  lr:0.00500,  BatchTime:  2.60(  2.60),  DataTime:  1.28(  1.30),  Loss:  2.957(  2.779),  Prec@1: 29.688( 34.444),  Prec@5: 65.625( 63.208)
Epoch:[  4][1060/1344],  lr:0.00500,  BatchTime:  2.60(  2.60),  DataTime:  1.28(  1.30),  Loss:  2.581(  2.779),  Prec@1: 39.062( 34.450),  Prec@5: 60.938( 63.208)
Epoch:[  4][1080/1344],  lr:0.00500,  BatchTime:  2.54(  2.60),  DataTime:  1.28(  1.30),  Loss:  3.360(  2.779),  Prec@1: 18.750( 34.443),  Prec@5: 57.812( 63.217)
Epoch:[  4][1100/1344],  lr:0.00500,  BatchTime:  2.55(  2.60),  DataTime:  1.28(  1.30),  Loss:  2.929(  2.778),  Prec@1: 32.812( 34.466),  Prec@5: 65.625( 63.234)
Epoch:[  4][1120/1344],  lr:0.00500,  BatchTime:  2.61(  2.60),  DataTime:  1.28(  1.30),  Loss:  2.065(  2.776),  Prec@1: 46.875( 34.498),  Prec@5: 73.438( 63.254)
Epoch:[  4][1140/1344],  lr:0.00500,  BatchTime:  2.60(  2.60),  DataTime:  1.28(  1.30),  Loss:  2.729(  2.777),  Prec@1: 34.375( 34.511),  Prec@5: 65.625( 63.227)
Epoch:[  4][1160/1344],  lr:0.00500,  BatchTime:  2.60(  2.60),  DataTime:  1.28(  1.30),  Loss:  3.250(  2.777),  Prec@1: 21.875( 34.485),  Prec@5: 54.688( 63.235)
Epoch:[  4][1180/1344],  lr:0.00500,  BatchTime:  2.54(  2.60),  DataTime:  1.28(  1.30),  Loss:  2.339(  2.775),  Prec@1: 39.062( 34.547),  Prec@5: 70.312( 63.263)
Epoch:[  4][1200/1344],  lr:0.00500,  BatchTime:  2.54(  2.60),  DataTime:  1.28(  1.30),  Loss:  2.693(  2.772),  Prec@1: 39.062( 34.607),  Prec@5: 67.188( 63.326)
Epoch:[  4][1220/1344],  lr:0.00500,  BatchTime:  2.54(  2.60),  DataTime:  1.28(  1.30),  Loss:  2.757(  2.771),  Prec@1: 25.000( 34.605),  Prec@5: 67.188( 63.338)
Epoch:[  4][1240/1344],  lr:0.00500,  BatchTime:  2.55(  2.60),  DataTime:  1.28(  1.30),  Loss:  3.027(  2.769),  Prec@1: 31.250( 34.660),  Prec@5: 60.938( 63.389)
Epoch:[  4][1260/1344],  lr:0.00500,  BatchTime:  2.60(  2.60),  DataTime:  1.28(  1.30),  Loss:  2.955(  2.769),  Prec@1: 29.688( 34.661),  Prec@5: 59.375( 63.377)
Epoch:[  4][1280/1344],  lr:0.00500,  BatchTime:  2.80(  2.60),  DataTime:  1.28(  1.30),  Loss:  2.157(  2.769),  Prec@1: 56.250( 34.667),  Prec@5: 76.562( 63.372)
